2025-06-01 21:39:13.261 [info] Extension host with pid 3038 started
2025-06-01 21:39:13.261 [error] Error: EEXIST: file already exists, open '/home/cloud_user_p_4a537f6b/.codeoss/data/User/workspaceStorage/5e09a141/vscode.lock'
2025-06-01 21:39:13.278 [info] Lock '/home/cloud_user_p_4a537f6b/.codeoss/data/User/workspaceStorage/5e09a141/vscode.lock': Could not acquire lock, checking if the file is stale.
2025-06-01 21:39:13.320 [info] Lock '/home/cloud_user_p_4a537f6b/.codeoss/data/User/workspaceStorage/5e09a141/vscode.lock': The lock does not look stale, elapsed: 402 ms, giving up.
2025-06-01 21:39:13.339 [info] Lock '/home/cloud_user_p_4a537f6b/.codeoss/data/User/workspaceStorage/5e09a141-1/vscode.lock': Lock acquired.
2025-06-01 21:39:13.421 [info] ExtensionService#_doActivateExtension vscode.emmet, startup: false, activationEvent: 'onLanguage'
2025-06-01 21:39:13.433 [info] ExtensionService#_doActivateExtension hashicorp.terraform, startup: false, activationEvent: 'onLanguage:terraform'
2025-06-01 21:39:14.438 [info] ExtensionService#_doActivateExtension vscode.git-base, startup: true, activationEvent: '*', root cause: vscode.git
2025-06-01 21:39:14.510 [info] ExtensionService#_doActivateExtension vscode.git, startup: true, activationEvent: '*'
2025-06-01 21:39:14.511 [info] ExtensionService#_doActivateExtension vscode.github, startup: true, activationEvent: '*'
2025-06-01 21:39:15.469 [info] Eager extensions activated
2025-06-01 21:39:15.471 [info] ExtensionService#_doActivateExtension EditorConfig.EditorConfig, startup: false, activationEvent: 'onStartupFinished'
2025-06-01 21:39:15.471 [info] ExtensionService#_doActivateExtension google.cloud-shell, startup: false, activationEvent: 'onStartupFinished'
2025-06-01 21:39:15.473 [info] ExtensionService#_doActivateExtension google.geminicodeassist, startup: false, activationEvent: 'onStartupFinished', root cause: googlecloudtools.cloudcode
2025-06-01 21:39:15.473 [info] ExtensionService#_doActivateExtension vscode.debug-auto-launch, startup: false, activationEvent: 'onStartupFinished'
2025-06-01 21:39:15.476 [info] ExtensionService#_doActivateExtension vscode.merge-conflict, startup: false, activationEvent: 'onStartupFinished'
2025-06-01 21:39:19.237 [info] ExtensionService#_doActivateExtension googlecloudtools.cloudcode, startup: false, activationEvent: 'onStartupFinished'
2025-06-01 21:39:21.904 [info] ExtensionService#_doActivateExtension vscode.configuration-editing, startup: false, activationEvent: 'onLanguage:jsonc'
2025-06-01 21:39:21.905 [info] ExtensionService#_doActivateExtension vscode.json-language-features, startup: false, activationEvent: 'onLanguage:jsonc'
2025-06-01 21:39:21.905 [info] ExtensionService#_doActivateExtension vscode.typescript-language-features, startup: false, activationEvent: 'onLanguage:jsonc'
2025-06-01 21:39:33.032 [error] [hashicorp.terraform] provider FAILED
2025-06-01 21:39:33.035 [error] Error: variables.tf (1,1): position outside of any attribute name, value or block
    at an (/home/cloud_user_p_4a537f6b/.codeoss/extensions/hashicorp.terraform-2.34.4-linux-x64/dist/extension.js:25:241)
    at ht (/home/cloud_user_p_4a537f6b/.codeoss/extensions/hashicorp.terraform-2.34.4-linux-x64/dist/extension.js:24:6288)
    at qr (/home/cloud_user_p_4a537f6b/.codeoss/extensions/hashicorp.terraform-2.34.4-linux-x64/dist/extension.js:24:6418)
    at Immediate.<anonymous> (/home/cloud_user_p_4a537f6b/.codeoss/extensions/hashicorp.terraform-2.34.4-linux-x64/dist/extension.js:24:6169)
    at processImmediate (node:internal/timers:483:21)
2025-06-01 21:41:27.416 [error] [hashicorp.terraform] provider FAILED
2025-06-01 21:41:27.416 [error] Error: main.tf (1,1): position outside of any attribute name, value or block
    at an (/home/cloud_user_p_4a537f6b/.codeoss/extensions/hashicorp.terraform-2.34.4-linux-x64/dist/extension.js:25:241)
    at ht (/home/cloud_user_p_4a537f6b/.codeoss/extensions/hashicorp.terraform-2.34.4-linux-x64/dist/extension.js:24:6288)
    at qr (/home/cloud_user_p_4a537f6b/.codeoss/extensions/hashicorp.terraform-2.34.4-linux-x64/dist/extension.js:24:6418)
    at Immediate.<anonymous> (/home/cloud_user_p_4a537f6b/.codeoss/extensions/hashicorp.terraform-2.34.4-linux-x64/dist/extension.js:24:6169)
    at processImmediate (node:internal/timers:483:21)
2025-06-01 21:41:39.666 [error] [hashicorp.terraform] provider FAILED
2025-06-01 21:41:39.670 [error] Error: main.tf (39,39): position outside of any attribute name, value or block
    at an (/home/cloud_user_p_4a537f6b/.codeoss/extensions/hashicorp.terraform-2.34.4-linux-x64/dist/extension.js:25:241)
    at ht (/home/cloud_user_p_4a537f6b/.codeoss/extensions/hashicorp.terraform-2.34.4-linux-x64/dist/extension.js:24:6288)
    at qr (/home/cloud_user_p_4a537f6b/.codeoss/extensions/hashicorp.terraform-2.34.4-linux-x64/dist/extension.js:24:6418)
    at Immediate.<anonymous> (/home/cloud_user_p_4a537f6b/.codeoss/extensions/hashicorp.terraform-2.34.4-linux-x64/dist/extension.js:24:6169)
    at processImmediate (node:internal/timers:483:21)
2025-06-01 21:41:59.104 [error] [hashicorp.terraform] provider FAILED
2025-06-01 21:41:59.108 [error] Error: main.tf (1,1): position outside of any attribute name, value or block
    at an (/home/cloud_user_p_4a537f6b/.codeoss/extensions/hashicorp.terraform-2.34.4-linux-x64/dist/extension.js:25:241)
    at ht (/home/cloud_user_p_4a537f6b/.codeoss/extensions/hashicorp.terraform-2.34.4-linux-x64/dist/extension.js:24:6288)
    at qr (/home/cloud_user_p_4a537f6b/.codeoss/extensions/hashicorp.terraform-2.34.4-linux-x64/dist/extension.js:24:6418)
    at Immediate.<anonymous> (/home/cloud_user_p_4a537f6b/.codeoss/extensions/hashicorp.terraform-2.34.4-linux-x64/dist/extension.js:24:6169)
    at processImmediate (node:internal/timers:483:21)
2025-06-01 21:41:59.369 [error] [hashicorp.terraform] provider FAILED
2025-06-01 21:41:59.369 [error] Error: main.tf (1,1): position outside of any attribute name, value or block
    at an (/home/cloud_user_p_4a537f6b/.codeoss/extensions/hashicorp.terraform-2.34.4-linux-x64/dist/extension.js:25:241)
    at ht (/home/cloud_user_p_4a537f6b/.codeoss/extensions/hashicorp.terraform-2.34.4-linux-x64/dist/extension.js:24:6288)
    at qr (/home/cloud_user_p_4a537f6b/.codeoss/extensions/hashicorp.terraform-2.34.4-linux-x64/dist/extension.js:24:6418)
    at Immediate.<anonymous> (/home/cloud_user_p_4a537f6b/.codeoss/extensions/hashicorp.terraform-2.34.4-linux-x64/dist/extension.js:24:6169)
    at processImmediate (node:internal/timers:483:21)
2025-06-01 22:05:12.043 [error] [hashicorp.terraform] provider FAILED
2025-06-01 22:05:12.044 [error] Error: main.tf (11,22): unknown attribute "region"
    at an (/home/cloud_user_p_4a537f6b/.codeoss/extensions/hashicorp.terraform-2.34.4-linux-x64/dist/extension.js:25:241)
    at ht (/home/cloud_user_p_4a537f6b/.codeoss/extensions/hashicorp.terraform-2.34.4-linux-x64/dist/extension.js:24:6288)
    at qr (/home/cloud_user_p_4a537f6b/.codeoss/extensions/hashicorp.terraform-2.34.4-linux-x64/dist/extension.js:24:6418)
    at Immediate.<anonymous> (/home/cloud_user_p_4a537f6b/.codeoss/extensions/hashicorp.terraform-2.34.4-linux-x64/dist/extension.js:24:6169)
    at processImmediate (node:internal/timers:483:21)
2025-06-01 22:05:46.343 [error] [hashicorp.terraform] provider FAILED
2025-06-01 22:05:46.344 [error] Error: no reference origin found
    at an (/home/cloud_user_p_4a537f6b/.codeoss/extensions/hashicorp.terraform-2.34.4-linux-x64/dist/extension.js:25:241)
    at ht (/home/cloud_user_p_4a537f6b/.codeoss/extensions/hashicorp.terraform-2.34.4-linux-x64/dist/extension.js:24:6288)
    at qr (/home/cloud_user_p_4a537f6b/.codeoss/extensions/hashicorp.terraform-2.34.4-linux-x64/dist/extension.js:24:6418)
    at Immediate.<anonymous> (/home/cloud_user_p_4a537f6b/.codeoss/extensions/hashicorp.terraform-2.34.4-linux-x64/dist/extension.js:24:6169)
    at processImmediate (node:internal/timers:483:21)
2025-06-01 22:14:57.547 [error] [hashicorp.terraform] provider FAILED
2025-06-01 22:14:57.547 [error] Error: variables.tf (1,1): position outside of any attribute name, value or block
    at an (/home/cloud_user_p_4a537f6b/.codeoss/extensions/hashicorp.terraform-2.34.4-linux-x64/dist/extension.js:25:241)
    at ht (/home/cloud_user_p_4a537f6b/.codeoss/extensions/hashicorp.terraform-2.34.4-linux-x64/dist/extension.js:24:6288)
    at qr (/home/cloud_user_p_4a537f6b/.codeoss/extensions/hashicorp.terraform-2.34.4-linux-x64/dist/extension.js:24:6418)
    at Immediate.<anonymous> (/home/cloud_user_p_4a537f6b/.codeoss/extensions/hashicorp.terraform-2.34.4-linux-x64/dist/extension.js:24:6169)
    at processImmediate (node:internal/timers:483:21)
2025-06-01 22:14:57.996 [error] [hashicorp.terraform] provider FAILED
2025-06-01 22:14:57.997 [error] Error: no reference origin found
    at an (/home/cloud_user_p_4a537f6b/.codeoss/extensions/hashicorp.terraform-2.34.4-linux-x64/dist/extension.js:25:241)
    at ht (/home/cloud_user_p_4a537f6b/.codeoss/extensions/hashicorp.terraform-2.34.4-linux-x64/dist/extension.js:24:6288)
    at qr (/home/cloud_user_p_4a537f6b/.codeoss/extensions/hashicorp.terraform-2.34.4-linux-x64/dist/extension.js:24:6418)
    at Immediate.<anonymous> (/home/cloud_user_p_4a537f6b/.codeoss/extensions/hashicorp.terraform-2.34.4-linux-x64/dist/extension.js:24:6169)
    at processImmediate (node:internal/timers:483:21)
2025-06-01 22:15:29.613 [error] [hashicorp.terraform] provider FAILED
2025-06-01 22:15:29.613 [error] Error: no reference origin found
    at an (/home/cloud_user_p_4a537f6b/.codeoss/extensions/hashicorp.terraform-2.34.4-linux-x64/dist/extension.js:25:241)
    at ht (/home/cloud_user_p_4a537f6b/.codeoss/extensions/hashicorp.terraform-2.34.4-linux-x64/dist/extension.js:24:6288)
    at qr (/home/cloud_user_p_4a537f6b/.codeoss/extensions/hashicorp.terraform-2.34.4-linux-x64/dist/extension.js:24:6418)
    at Immediate.<anonymous> (/home/cloud_user_p_4a537f6b/.codeoss/extensions/hashicorp.terraform-2.34.4-linux-x64/dist/extension.js:24:6169)
    at processImmediate (node:internal/timers:483:21)
2025-06-01 22:15:29.637 [error] [hashicorp.terraform] provider FAILED
2025-06-01 22:15:29.638 [error] Error: no reference origin found
    at an (/home/cloud_user_p_4a537f6b/.codeoss/extensions/hashicorp.terraform-2.34.4-linux-x64/dist/extension.js:25:241)
    at ht (/home/cloud_user_p_4a537f6b/.codeoss/extensions/hashicorp.terraform-2.34.4-linux-x64/dist/extension.js:24:6288)
    at qr (/home/cloud_user_p_4a537f6b/.codeoss/extensions/hashicorp.terraform-2.34.4-linux-x64/dist/extension.js:24:6418)
    at Immediate.<anonymous> (/home/cloud_user_p_4a537f6b/.codeoss/extensions/hashicorp.terraform-2.34.4-linux-x64/dist/extension.js:24:6169)
    at processImmediate (node:internal/timers:483:21)
2025-06-01 22:19:42.472 [error] [hashicorp.terraform] provider FAILED
2025-06-01 22:19:42.472 [error] Error: main.tf (5,45): position outside of any attribute name, value or block
    at an (/home/cloud_user_p_4a537f6b/.codeoss/extensions/hashicorp.terraform-2.34.4-linux-x64/dist/extension.js:25:241)
    at ht (/home/cloud_user_p_4a537f6b/.codeoss/extensions/hashicorp.terraform-2.34.4-linux-x64/dist/extension.js:24:6288)
    at qr (/home/cloud_user_p_4a537f6b/.codeoss/extensions/hashicorp.terraform-2.34.4-linux-x64/dist/extension.js:24:6418)
    at Immediate.<anonymous> (/home/cloud_user_p_4a537f6b/.codeoss/extensions/hashicorp.terraform-2.34.4-linux-x64/dist/extension.js:24:6169)
    at processImmediate (node:internal/timers:483:21)
2025-06-01 22:20:59.497 [error] [hashicorp.terraform] provider FAILED
2025-06-01 22:20:59.498 [error] Error: main.tf (1,1): position outside of any attribute name, value or block
    at an (/home/cloud_user_p_4a537f6b/.codeoss/extensions/hashicorp.terraform-2.34.4-linux-x64/dist/extension.js:25:241)
    at ht (/home/cloud_user_p_4a537f6b/.codeoss/extensions/hashicorp.terraform-2.34.4-linux-x64/dist/extension.js:24:6288)
    at qr (/home/cloud_user_p_4a537f6b/.codeoss/extensions/hashicorp.terraform-2.34.4-linux-x64/dist/extension.js:24:6418)
    at Immediate.<anonymous> (/home/cloud_user_p_4a537f6b/.codeoss/extensions/hashicorp.terraform-2.34.4-linux-x64/dist/extension.js:24:6169)
    at processImmediate (node:internal/timers:483:21)
2025-06-01 22:21:08.311 [error] [hashicorp.terraform] provider FAILED
2025-06-01 22:21:08.312 [error] Error: variables.tf (1,1): position outside of any attribute name, value or block
    at an (/home/cloud_user_p_4a537f6b/.codeoss/extensions/hashicorp.terraform-2.34.4-linux-x64/dist/extension.js:25:241)
    at ht (/home/cloud_user_p_4a537f6b/.codeoss/extensions/hashicorp.terraform-2.34.4-linux-x64/dist/extension.js:24:6288)
    at qr (/home/cloud_user_p_4a537f6b/.codeoss/extensions/hashicorp.terraform-2.34.4-linux-x64/dist/extension.js:24:6418)
    at Immediate.<anonymous> (/home/cloud_user_p_4a537f6b/.codeoss/extensions/hashicorp.terraform-2.34.4-linux-x64/dist/extension.js:24:6169)
    at processImmediate (node:internal/timers:483:21)
2025-06-01 22:21:08.763 [error] [hashicorp.terraform] provider FAILED
2025-06-01 22:21:08.763 [error] Error: no reference origin found
    at an (/home/cloud_user_p_4a537f6b/.codeoss/extensions/hashicorp.terraform-2.34.4-linux-x64/dist/extension.js:25:241)
    at ht (/home/cloud_user_p_4a537f6b/.codeoss/extensions/hashicorp.terraform-2.34.4-linux-x64/dist/extension.js:24:6288)
    at qr (/home/cloud_user_p_4a537f6b/.codeoss/extensions/hashicorp.terraform-2.34.4-linux-x64/dist/extension.js:24:6418)
    at Immediate.<anonymous> (/home/cloud_user_p_4a537f6b/.codeoss/extensions/hashicorp.terraform-2.34.4-linux-x64/dist/extension.js:24:6169)
    at processImmediate (node:internal/timers:483:21)
2025-06-01 22:21:15.054 [error] [hashicorp.terraform] provider FAILED
2025-06-01 22:21:15.054 [error] Error: no reference origin found
    at an (/home/cloud_user_p_4a537f6b/.codeoss/extensions/hashicorp.terraform-2.34.4-linux-x64/dist/extension.js:25:241)
    at ht (/home/cloud_user_p_4a537f6b/.codeoss/extensions/hashicorp.terraform-2.34.4-linux-x64/dist/extension.js:24:6288)
    at qr (/home/cloud_user_p_4a537f6b/.codeoss/extensions/hashicorp.terraform-2.34.4-linux-x64/dist/extension.js:24:6418)
    at Immediate.<anonymous> (/home/cloud_user_p_4a537f6b/.codeoss/extensions/hashicorp.terraform-2.34.4-linux-x64/dist/extension.js:24:6169)
    at processImmediate (node:internal/timers:483:21)
2025-06-01 22:21:21.325 [info] ExtensionService#_doActivateExtension vscode.extension-editing, startup: false, activationEvent: 'onLanguage:markdown'
2025-06-01 22:21:21.326 [info] ExtensionService#_doActivateExtension vscode.markdown-language-features, startup: false, activationEvent: 'onLanguage:markdown'
2025-06-01 22:21:21.818 [info] ExtensionService#_doActivateExtension vscode.markdown-math, startup: false, activationEvent: 'api', root cause: vscode.markdown-language-features
2025-06-01 22:22:41.097 [error] [hashicorp.terraform] provider FAILED
2025-06-01 22:22:41.097 [error] Error: variables.tf (1,1): position outside of any attribute name, value or block
    at an (/home/cloud_user_p_4a537f6b/.codeoss/extensions/hashicorp.terraform-2.34.4-linux-x64/dist/extension.js:25:241)
    at ht (/home/cloud_user_p_4a537f6b/.codeoss/extensions/hashicorp.terraform-2.34.4-linux-x64/dist/extension.js:24:6288)
    at qr (/home/cloud_user_p_4a537f6b/.codeoss/extensions/hashicorp.terraform-2.34.4-linux-x64/dist/extension.js:24:6418)
    at Immediate.<anonymous> (/home/cloud_user_p_4a537f6b/.codeoss/extensions/hashicorp.terraform-2.34.4-linux-x64/dist/extension.js:24:6169)
    at processImmediate (node:internal/timers:483:21)
2025-06-01 22:23:03.628 [error] [hashicorp.terraform] provider FAILED
2025-06-01 22:23:03.628 [error] Error: no reference origin found
    at an (/home/cloud_user_p_4a537f6b/.codeoss/extensions/hashicorp.terraform-2.34.4-linux-x64/dist/extension.js:25:241)
    at ht (/home/cloud_user_p_4a537f6b/.codeoss/extensions/hashicorp.terraform-2.34.4-linux-x64/dist/extension.js:24:6288)
    at qr (/home/cloud_user_p_4a537f6b/.codeoss/extensions/hashicorp.terraform-2.34.4-linux-x64/dist/extension.js:24:6418)
    at Immediate.<anonymous> (/home/cloud_user_p_4a537f6b/.codeoss/extensions/hashicorp.terraform-2.34.4-linux-x64/dist/extension.js:24:6169)
    at processImmediate (node:internal/timers:483:21)
2025-06-01 22:23:22.329 [error] [hashicorp.terraform] provider FAILED
2025-06-01 22:23:22.329 [error] Error: no reference origin found
    at an (/home/cloud_user_p_4a537f6b/.codeoss/extensions/hashicorp.terraform-2.34.4-linux-x64/dist/extension.js:25:241)
    at ht (/home/cloud_user_p_4a537f6b/.codeoss/extensions/hashicorp.terraform-2.34.4-linux-x64/dist/extension.js:24:6288)
    at qr (/home/cloud_user_p_4a537f6b/.codeoss/extensions/hashicorp.terraform-2.34.4-linux-x64/dist/extension.js:24:6418)
    at Immediate.<anonymous> (/home/cloud_user_p_4a537f6b/.codeoss/extensions/hashicorp.terraform-2.34.4-linux-x64/dist/extension.js:24:6169)
    at processImmediate (node:internal/timers:483:21)
2025-06-01 22:25:03.049 [error] [hashicorp.terraform] provider FAILED
2025-06-01 22:25:03.049 [error] Error: variables.tf (1,1): position outside of any attribute name, value or block
    at an (/home/cloud_user_p_4a537f6b/.codeoss/extensions/hashicorp.terraform-2.34.4-linux-x64/dist/extension.js:25:241)
    at ht (/home/cloud_user_p_4a537f6b/.codeoss/extensions/hashicorp.terraform-2.34.4-linux-x64/dist/extension.js:24:6288)
    at qr (/home/cloud_user_p_4a537f6b/.codeoss/extensions/hashicorp.terraform-2.34.4-linux-x64/dist/extension.js:24:6418)
    at Immediate.<anonymous> (/home/cloud_user_p_4a537f6b/.codeoss/extensions/hashicorp.terraform-2.34.4-linux-x64/dist/extension.js:24:6169)
    at processImmediate (node:internal/timers:483:21)
2025-06-01 22:25:16.877 [error] [hashicorp.terraform] provider FAILED
2025-06-01 22:25:16.878 [error] Error: no reference origin found
    at an (/home/cloud_user_p_4a537f6b/.codeoss/extensions/hashicorp.terraform-2.34.4-linux-x64/dist/extension.js:25:241)
    at ht (/home/cloud_user_p_4a537f6b/.codeoss/extensions/hashicorp.terraform-2.34.4-linux-x64/dist/extension.js:24:6288)
    at qr (/home/cloud_user_p_4a537f6b/.codeoss/extensions/hashicorp.terraform-2.34.4-linux-x64/dist/extension.js:24:6418)
    at Immediate.<anonymous> (/home/cloud_user_p_4a537f6b/.codeoss/extensions/hashicorp.terraform-2.34.4-linux-x64/dist/extension.js:24:6169)
    at processImmediate (node:internal/timers:483:21)
2025-06-01 22:25:26.911 [error] [hashicorp.terraform] provider FAILED
2025-06-01 22:25:26.911 [error] Error: no reference origin found
    at an (/home/cloud_user_p_4a537f6b/.codeoss/extensions/hashicorp.terraform-2.34.4-linux-x64/dist/extension.js:25:241)
    at ht (/home/cloud_user_p_4a537f6b/.codeoss/extensions/hashicorp.terraform-2.34.4-linux-x64/dist/extension.js:24:6288)
    at qr (/home/cloud_user_p_4a537f6b/.codeoss/extensions/hashicorp.terraform-2.34.4-linux-x64/dist/extension.js:24:6418)
    at Immediate.<anonymous> (/home/cloud_user_p_4a537f6b/.codeoss/extensions/hashicorp.terraform-2.34.4-linux-x64/dist/extension.js:24:6169)
    at processImmediate (node:internal/timers:483:21)
2025-06-01 22:25:26.926 [error] [hashicorp.terraform] provider FAILED
2025-06-01 22:25:26.927 [error] Error: no reference origin found
    at an (/home/cloud_user_p_4a537f6b/.codeoss/extensions/hashicorp.terraform-2.34.4-linux-x64/dist/extension.js:25:241)
    at ht (/home/cloud_user_p_4a537f6b/.codeoss/extensions/hashicorp.terraform-2.34.4-linux-x64/dist/extension.js:24:6288)
    at qr (/home/cloud_user_p_4a537f6b/.codeoss/extensions/hashicorp.terraform-2.34.4-linux-x64/dist/extension.js:24:6418)
    at Immediate.<anonymous> (/home/cloud_user_p_4a537f6b/.codeoss/extensions/hashicorp.terraform-2.34.4-linux-x64/dist/extension.js:24:6169)
    at processImmediate (node:internal/timers:483:21)
2025-06-01 22:29:00.053 [error] [hashicorp.terraform] provider FAILED
2025-06-01 22:29:00.053 [error] Error: main.tf (14,14): position outside of any attribute name, value or block
    at an (/home/cloud_user_p_4a537f6b/.codeoss/extensions/hashicorp.terraform-2.34.4-linux-x64/dist/extension.js:25:241)
    at ht (/home/cloud_user_p_4a537f6b/.codeoss/extensions/hashicorp.terraform-2.34.4-linux-x64/dist/extension.js:24:6288)
    at qr (/home/cloud_user_p_4a537f6b/.codeoss/extensions/hashicorp.terraform-2.34.4-linux-x64/dist/extension.js:24:6418)
    at Immediate.<anonymous> (/home/cloud_user_p_4a537f6b/.codeoss/extensions/hashicorp.terraform-2.34.4-linux-x64/dist/extension.js:24:6169)
    at processImmediate (node:internal/timers:483:21)
2025-06-01 22:29:09.719 [error] [hashicorp.terraform] provider FAILED
2025-06-01 22:29:09.719 [error] Error: main.tf (13,21): position outside of any attribute name, value or block
    at an (/home/cloud_user_p_4a537f6b/.codeoss/extensions/hashicorp.terraform-2.34.4-linux-x64/dist/extension.js:25:241)
    at ht (/home/cloud_user_p_4a537f6b/.codeoss/extensions/hashicorp.terraform-2.34.4-linux-x64/dist/extension.js:24:6288)
    at qr (/home/cloud_user_p_4a537f6b/.codeoss/extensions/hashicorp.terraform-2.34.4-linux-x64/dist/extension.js:24:6418)
    at Immediate.<anonymous> (/home/cloud_user_p_4a537f6b/.codeoss/extensions/hashicorp.terraform-2.34.4-linux-x64/dist/extension.js:24:6169)
    at processImmediate (node:internal/timers:483:21)
2025-06-01 22:29:10.255 [error] [hashicorp.terraform] provider FAILED
2025-06-01 22:29:10.255 [error] Error: main.tf (13,17): position outside of any attribute name, value or block
    at an (/home/cloud_user_p_4a537f6b/.codeoss/extensions/hashicorp.terraform-2.34.4-linux-x64/dist/extension.js:25:241)
    at ht (/home/cloud_user_p_4a537f6b/.codeoss/extensions/hashicorp.terraform-2.34.4-linux-x64/dist/extension.js:24:6288)
    at qr (/home/cloud_user_p_4a537f6b/.codeoss/extensions/hashicorp.terraform-2.34.4-linux-x64/dist/extension.js:24:6418)
    at Immediate.<anonymous> (/home/cloud_user_p_4a537f6b/.codeoss/extensions/hashicorp.terraform-2.34.4-linux-x64/dist/extension.js:24:6169)
    at processImmediate (node:internal/timers:483:21)
2025-06-01 22:29:14.384 [error] [hashicorp.terraform] provider FAILED
2025-06-01 22:29:14.385 [error] Error: main.tf (13,21): position outside of any attribute name, value or block
    at an (/home/cloud_user_p_4a537f6b/.codeoss/extensions/hashicorp.terraform-2.34.4-linux-x64/dist/extension.js:25:241)
    at ht (/home/cloud_user_p_4a537f6b/.codeoss/extensions/hashicorp.terraform-2.34.4-linux-x64/dist/extension.js:24:6288)
    at qr (/home/cloud_user_p_4a537f6b/.codeoss/extensions/hashicorp.terraform-2.34.4-linux-x64/dist/extension.js:24:6418)
    at Immediate.<anonymous> (/home/cloud_user_p_4a537f6b/.codeoss/extensions/hashicorp.terraform-2.34.4-linux-x64/dist/extension.js:24:6169)
    at processImmediate (node:internal/timers:483:21)
2025-06-01 22:29:14.752 [error] [hashicorp.terraform] provider FAILED
2025-06-01 22:29:14.752 [error] Error: main.tf (13,19): position outside of any attribute name, value or block
    at an (/home/cloud_user_p_4a537f6b/.codeoss/extensions/hashicorp.terraform-2.34.4-linux-x64/dist/extension.js:25:241)
    at ht (/home/cloud_user_p_4a537f6b/.codeoss/extensions/hashicorp.terraform-2.34.4-linux-x64/dist/extension.js:24:6288)
    at qr (/home/cloud_user_p_4a537f6b/.codeoss/extensions/hashicorp.terraform-2.34.4-linux-x64/dist/extension.js:24:6418)
    at Immediate.<anonymous> (/home/cloud_user_p_4a537f6b/.codeoss/extensions/hashicorp.terraform-2.34.4-linux-x64/dist/extension.js:24:6169)
    at processImmediate (node:internal/timers:483:21)
2025-06-01 22:29:15.508 [error] [hashicorp.terraform] provider FAILED
2025-06-01 22:29:15.508 [error] Error: main.tf (13,19): position outside of any attribute name, value or block
    at an (/home/cloud_user_p_4a537f6b/.codeoss/extensions/hashicorp.terraform-2.34.4-linux-x64/dist/extension.js:25:241)
    at ht (/home/cloud_user_p_4a537f6b/.codeoss/extensions/hashicorp.terraform-2.34.4-linux-x64/dist/extension.js:24:6288)
    at qr (/home/cloud_user_p_4a537f6b/.codeoss/extensions/hashicorp.terraform-2.34.4-linux-x64/dist/extension.js:24:6418)
    at Immediate.<anonymous> (/home/cloud_user_p_4a537f6b/.codeoss/extensions/hashicorp.terraform-2.34.4-linux-x64/dist/extension.js:24:6169)
    at processImmediate (node:internal/timers:483:21)
2025-06-01 22:39:33.909 [error] Error: Tool with identifier docs already registered.
    at a.register (/google/devshell/editor/code-oss-for-cloud-shell/extensions/geminicodeassist/dist/webpack:/src/ai-companion/gemini_tool_service.ts:24:13)
    at forEach (/google/devshell/editor/code-oss-for-cloud-shell/extensions/geminicodeassist/dist/webpack:/src/ai-companion/ai_language_client.ts:317:58)
    at Array.forEach (<anonymous>)
    at t.AILanguageClient.<anonymous> (/google/devshell/editor/code-oss-for-cloud-shell/extensions/geminicodeassist/dist/webpack:/src/ai-companion/ai_language_client.ts:317:25)
    at Generator.next (<anonymous>)
    at s (/google/devshell/editor/code-oss-for-cloud-shell/extensions/geminicodeassist/dist/webpack:/src/ai-companion/ai_document_context.ts:90:3)
2025-06-01 22:47:54.584 [error] [hashicorp.terraform] provider FAILED
2025-06-01 22:47:54.584 [error] Error: main.tf (14,2): position outside of any attribute name, value or block
    at an (/home/cloud_user_p_4a537f6b/.codeoss/extensions/hashicorp.terraform-2.34.4-linux-x64/dist/extension.js:25:241)
    at ht (/home/cloud_user_p_4a537f6b/.codeoss/extensions/hashicorp.terraform-2.34.4-linux-x64/dist/extension.js:24:6288)
    at qr (/home/cloud_user_p_4a537f6b/.codeoss/extensions/hashicorp.terraform-2.34.4-linux-x64/dist/extension.js:24:6418)
    at Immediate.<anonymous> (/home/cloud_user_p_4a537f6b/.codeoss/extensions/hashicorp.terraform-2.34.4-linux-x64/dist/extension.js:24:6169)
    at processImmediate (node:internal/timers:483:21)
2025-06-01 22:53:39.539 [info] ExtensionService#_doActivateExtension vscode.npm, startup: false, activationEvent: 'onLanguage:json'
2025-06-01 23:09:35.922 [error] Error: Git error
    at ChildProcess.<anonymous> (/google/devshell/editor/code-oss-for-cloud-shell/extensions/git/dist/main.js:2:253250)
    at ChildProcess.emit (node:events:531:35)
    at Process.ChildProcess._handle.onexit (node:internal/child_process:294:12)
2025-06-01 23:09:36.939 [error] Error: Git error
    at ChildProcess.<anonymous> (/google/devshell/editor/code-oss-for-cloud-shell/extensions/git/dist/main.js:2:253250)
    at ChildProcess.emit (node:events:531:35)
    at Process.ChildProcess._handle.onexit (node:internal/child_process:294:12)
2025-06-01 23:09:39.123 [error] Error: Failed to execute git
    at t.Git._exec (/google/devshell/editor/code-oss-for-cloud-shell/extensions/git/dist/main.js:2:131960)
    at t.Git.exec (/google/devshell/editor/code-oss-for-cloud-shell/extensions/git/dist/main.js:2:131028)
    at F.exec (/google/devshell/editor/code-oss-for-cloud-shell/extensions/git/dist/main.js:2:136556)
    at F.getRemotesGit (/google/devshell/editor/code-oss-for-cloud-shell/extensions/git/dist/main.js:2:157148)
    at F.getRemotes (/google/devshell/editor/code-oss-for-cloud-shell/extensions/git/dist/main.js:2:156880)
    at async Promise.all (index 1)
    at T._updateModelState (/google/devshell/editor/code-oss-for-cloud-shell/extensions/git/dist/main.js:2:255128)
    at T.updateModelState (/google/devshell/editor/code-oss-for-cloud-shell/extensions/git/dist/main.js:2:254955)
    at T.run (/google/devshell/editor/code-oss-for-cloud-shell/extensions/git/dist/main.js:2:254163)
    at T.status (/google/devshell/editor/code-oss-for-cloud-shell/extensions/git/dist/main.js:2:235170)
2025-06-01 23:36:20.326 [info] ExtensionService#_doActivateExtension vscode.css-language-features, startup: false, activationEvent: 'onLanguage:css'
2025-06-01 23:39:37.980 [error] Error: Tool with identifier docs already registered.
    at a.register (/google/devshell/editor/code-oss-for-cloud-shell/extensions/geminicodeassist/dist/webpack:/src/ai-companion/gemini_tool_service.ts:24:13)
    at forEach (/google/devshell/editor/code-oss-for-cloud-shell/extensions/geminicodeassist/dist/webpack:/src/ai-companion/ai_language_client.ts:317:58)
    at Array.forEach (<anonymous>)
    at t.AILanguageClient.<anonymous> (/google/devshell/editor/code-oss-for-cloud-shell/extensions/geminicodeassist/dist/webpack:/src/ai-companion/ai_language_client.ts:317:25)
    at Generator.next (<anonymous>)
    at s (/google/devshell/editor/code-oss-for-cloud-shell/extensions/geminicodeassist/dist/webpack:/src/ai-companion/ai_document_context.ts:90:3)
2025-06-02 00:40:04.141 [error] Error: Tool with identifier docs already registered.
    at a.register (/google/devshell/editor/code-oss-for-cloud-shell/extensions/geminicodeassist/dist/webpack:/src/ai-companion/gemini_tool_service.ts:24:13)
    at forEach (/google/devshell/editor/code-oss-for-cloud-shell/extensions/geminicodeassist/dist/webpack:/src/ai-companion/ai_language_client.ts:317:58)
    at Array.forEach (<anonymous>)
    at t.AILanguageClient.<anonymous> (/google/devshell/editor/code-oss-for-cloud-shell/extensions/geminicodeassist/dist/webpack:/src/ai-companion/ai_language_client.ts:317:25)
    at Generator.next (<anonymous>)
    at s (/google/devshell/editor/code-oss-for-cloud-shell/extensions/geminicodeassist/dist/webpack:/src/ai-companion/ai_document_context.ts:90:3)
2025-06-02 01:15:46.947 [info] ExtensionService#_doActivateExtension vscode.github-authentication, startup: false, activationEvent: 'onAuthenticationRequest:github'
2025-06-02 01:35:42.995 [error] Error: Tool with identifier docs already registered.
    at a.register (/google/devshell/editor/code-oss-for-cloud-shell/extensions/geminicodeassist/dist/webpack:/src/ai-companion/gemini_tool_service.ts:24:13)
    at forEach (/google/devshell/editor/code-oss-for-cloud-shell/extensions/geminicodeassist/dist/webpack:/src/ai-companion/ai_language_client.ts:317:58)
    at Array.forEach (<anonymous>)
    at t.AILanguageClient.<anonymous> (/google/devshell/editor/code-oss-for-cloud-shell/extensions/geminicodeassist/dist/webpack:/src/ai-companion/ai_language_client.ts:317:25)
    at Generator.next (<anonymous>)
    at s (/google/devshell/editor/code-oss-for-cloud-shell/extensions/geminicodeassist/dist/webpack:/src/ai-companion/ai_document_context.ts:90:3)
    at runNextTicks (node:internal/process/task_queues:60:5)
    at processImmediate (node:internal/timers:454:9)
2025-06-02 01:36:31.743 [warning] [Decorations] CAPPING events from decorations provider vscode.git 6207
2025-06-02 01:36:32.918 [warning] [Decorations] CAPPING events from decorations provider vscode.git 6207
