0 verbose cli /usr/local/nvm/versions/node/v22.15.1/bin/node /usr/local/nvm/versions/node/v22.15.1/bin/npm
1 info using npm@11.4.0
2 info using node@v22.15.1
3 silly config load:file:/usr/local/nvm/versions/node/v22.15.1/lib/node_modules/npm/npmrc
4 silly config load:file:/home/cloud_user_p_4a537f6b/.cache/typescript/5.6/.npmrc
5 silly config load:file:/home/cloud_user_p_4a537f6b/.npmrc
6 silly config load:file:/usr/local/nvm/versions/node/v22.15.1/etc/npmrc
7 verbose title npm install @types/react@ts5.6
8 verbose argv "install" "--ignore-scripts" "@types/react@ts5.6" "--save-dev" "--user-agent" "typesInstaller/5.6.3"
9 verbose logfile logs-max:10 dir:/home/cloud_user_p_4a537f6b/.npm/_logs/2025-06-01T23_10_27_835Z-
10 verbose logfile /home/cloud_user_p_4a537f6b/.npm/_logs/2025-06-01T23_10_27_835Z-debug-0.log
11 silly logfile start cleaning logs, removing 1 files
12 silly logfile done cleaning log files
13 silly packumentCache heap:2197815296 maxSize:549453824 maxEntrySize:274726912
14 silly packumentCache corgi:https://registry.npmjs.org/@types%2freact cache-miss
15 http fetch GET 200 https://registry.npmjs.org/@types%2freact 189ms (cache miss)
16 silly packumentCache corgi:https://registry.npmjs.org/@types%2freact set size:undefined disposed:false
17 silly idealTree buildDeps
18 silly fetch manifest @types/react@19.1.6
19 silly packumentCache full:https://registry.npmjs.org/@types%2freact cache-miss
20 http cache https://registry.npmjs.org/@types%2freact 21ms (cache hit)
21 silly packumentCache full:https://registry.npmjs.org/@types%2freact set size:2403615 disposed:false
22 silly placeDep ROOT @types/react@19.1.6 OK for:  want: 19.1.6
23 silly fetch manifest csstype@^3.0.2
24 silly packumentCache full:https://registry.npmjs.org/csstype cache-miss
25 http fetch GET 200 https://registry.npmjs.org/csstype 48ms (cache miss)
26 silly packumentCache full:https://registry.npmjs.org/csstype set size:undefined disposed:false
27 silly placeDep ROOT csstype@3.1.3 OK for: @types/react@19.1.6 want: ^3.0.2
28 silly reify moves {}
29 silly audit bulk request {
29 silly audit   '@types/body-parser': [ '1.19.5' ],
29 silly audit   '@types/connect': [ '3.4.38' ],
29 silly audit   '@types/express': [ '5.0.2' ],
29 silly audit   '@types/express-serve-static-core': [ '5.0.6' ],
29 silly audit   '@types/http-errors': [ '2.0.4' ],
29 silly audit   '@types/mime': [ '1.3.5' ],
29 silly audit   '@types/node': [ '22.15.29' ],
29 silly audit   '@types/pg': [ '8.15.4' ],
29 silly audit   '@types/qs': [ '6.14.0' ],
29 silly audit   '@types/range-parser': [ '1.2.7' ],
29 silly audit   '@types/send': [ '0.17.4' ],
29 silly audit   '@types/serve-static': [ '1.15.7' ],
29 silly audit   'pg-int8': [ '1.0.1' ],
29 silly audit   'pg-protocol': [ '1.10.0' ],
29 silly audit   'pg-types': [ '2.2.0' ],
29 silly audit   'postgres-array': [ '2.0.0' ],
29 silly audit   'postgres-bytea': [ '1.0.0' ],
29 silly audit   'postgres-date': [ '1.0.7' ],
29 silly audit   'postgres-interval': [ '1.2.0' ],
29 silly audit   'types-registry': [ '0.1.723' ],
29 silly audit   'undici-types': [ '6.21.0' ],
29 silly audit   xtend: [ '4.0.2' ],
29 silly audit   '@types/react': [ '19.1.6' ],
29 silly audit   csstype: [ '3.1.3' ]
29 silly audit }
30 http cache csstype@https://registry.npmjs.org/csstype/-/csstype-3.1.3.tgz 0ms (cache hit)
31 http cache @types/react@https://registry.npmjs.org/@types/react/-/react-19.1.6.tgz 0ms (cache hit)
32 silly tarball no local data for csstype@https://registry.npmjs.org/csstype/-/csstype-3.1.3.tgz. Extracting by manifest.
33 silly tarball no local data for @types/react@https://registry.npmjs.org/@types/react/-/react-19.1.6.tgz. Extracting by manifest.
34 http fetch POST 200 https://registry.npmjs.org/-/npm/v1/security/advisories/bulk 110ms
35 silly audit report {}
36 http fetch GET 200 https://registry.npmjs.org/@types/react/-/react-19.1.6.tgz 146ms (cache miss)
37 http fetch GET 200 https://registry.npmjs.org/csstype/-/csstype-3.1.3.tgz 146ms (cache miss)
38 silly ADD node_modules/csstype
39 silly ADD node_modules/@types/react
40 verbose cwd /home/cloud_user_p_4a537f6b/.cache/typescript/5.6
41 verbose os Linux 6.6.87+
42 verbose node v22.15.1
43 verbose npm  v11.4.0
44 verbose exit 0
45 info ok
