0 verbose cli /usr/local/nvm/versions/node/v22.15.1/bin/node /usr/local/nvm/versions/node/v22.15.1/bin/npm
1 info using npm@11.4.0
2 info using node@v22.15.1
3 silly config load:file:/usr/local/nvm/versions/node/v22.15.1/lib/node_modules/npm/npmrc
4 silly config load:file:/home/cloud_user_p_4a537f6b/.cache/typescript/5.6/.npmrc
5 silly config load:file:/home/cloud_user_p_4a537f6b/.npmrc
6 silly config load:file:/usr/local/nvm/versions/node/v22.15.1/etc/npmrc
7 verbose title npm install @types/scheduler@ts5.6
8 verbose argv "install" "--ignore-scripts" "@types/scheduler@ts5.6" "--save-dev" "--user-agent" "typesInstaller/5.6.3"
9 verbose logfile logs-max:10 dir:/home/cloud_user_p_4a537f6b/.npm/_logs/2025-06-01T23_36_34_196Z-
10 verbose logfile /home/cloud_user_p_4a537f6b/.npm/_logs/2025-06-01T23_36_34_196Z-debug-0.log
11 silly logfile start cleaning logs, removing 1 files
12 silly packumentCache heap:2197815296 maxSize:549453824 maxEntrySize:274726912
13 silly logfile done cleaning log files
14 silly packumentCache corgi:https://registry.npmjs.org/@types%2fscheduler cache-miss
15 http fetch GET 200 https://registry.npmjs.org/@types%2fscheduler 248ms (cache miss)
16 silly packumentCache corgi:https://registry.npmjs.org/@types%2fscheduler set size:undefined disposed:false
17 silly idealTree buildDeps
18 silly fetch manifest @types/scheduler@0.26.0
19 silly packumentCache full:https://registry.npmjs.org/@types%2fscheduler cache-miss
20 http fetch GET 200 https://registry.npmjs.org/@types%2fscheduler 57ms (cache miss)
21 silly packumentCache full:https://registry.npmjs.org/@types%2fscheduler set size:undefined disposed:false
22 silly placeDep ROOT @types/scheduler@0.26.0 OK for:  want: 0.26.0
23 silly reify moves {}
24 silly audit bulk request {
24 silly audit   '@types/body-parser': [ '1.19.5' ],
24 silly audit   '@types/connect': [ '3.4.38' ],
24 silly audit   '@types/express': [ '5.0.2' ],
24 silly audit   '@types/express-serve-static-core': [ '5.0.6' ],
24 silly audit   '@types/http-errors': [ '2.0.4' ],
24 silly audit   '@types/mime': [ '1.3.5' ],
24 silly audit   '@types/node': [ '22.15.29' ],
24 silly audit   '@types/pg': [ '8.15.4' ],
24 silly audit   '@types/qs': [ '6.14.0' ],
24 silly audit   '@types/range-parser': [ '1.2.7' ],
24 silly audit   '@types/react': [ '19.1.6' ],
24 silly audit   '@types/react-dom': [ '19.1.5' ],
24 silly audit   '@types/send': [ '0.17.4' ],
24 silly audit   '@types/serve-static': [ '1.15.7' ],
24 silly audit   csstype: [ '3.1.3' ],
24 silly audit   'pg-int8': [ '1.0.1' ],
24 silly audit   'pg-protocol': [ '1.10.0' ],
24 silly audit   'pg-types': [ '2.2.0' ],
24 silly audit   'postgres-array': [ '2.0.0' ],
24 silly audit   'postgres-bytea': [ '1.0.0' ],
24 silly audit   'postgres-date': [ '1.0.7' ],
24 silly audit   'postgres-interval': [ '1.2.0' ],
24 silly audit   'types-registry': [ '0.1.723' ],
24 silly audit   'undici-types': [ '6.21.0' ],
24 silly audit   xtend: [ '4.0.2' ],
24 silly audit   '@types/scheduler': [ '0.26.0' ]
24 silly audit }
25 http cache @types/scheduler@https://registry.npmjs.org/@types/scheduler/-/scheduler-0.26.0.tgz 0ms (cache hit)
26 silly tarball no local data for @types/scheduler@https://registry.npmjs.org/@types/scheduler/-/scheduler-0.26.0.tgz. Extracting by manifest.
27 http fetch POST 200 https://registry.npmjs.org/-/npm/v1/security/advisories/bulk 129ms
28 silly audit report {}
29 http fetch GET 200 https://registry.npmjs.org/@types/scheduler/-/scheduler-0.26.0.tgz 128ms (cache miss)
30 silly ADD node_modules/@types/scheduler
31 verbose cwd /home/cloud_user_p_4a537f6b/.cache/typescript/5.6
32 verbose os Linux 6.6.87+
33 verbose node v22.15.1
34 verbose npm  v11.4.0
35 verbose exit 0
36 info ok
