Launching language server: /home/cloud_user_p_4a537f6b/.codeoss/extensions/hashicorp.terraform-2.34.4-linux-x64/bin/terraform-ls serve
Client: Stopped --> Starting
2025/06/01 21:38:10 serve_command.go:108: Starting terraform-ls 0.36.4
2025/06/01 21:38:10 service.go:118: Preparing new session ...
2025/06/01 21:38:10 langserver.go:102: Starting server (pid 2992; concurrency: 2) ...
2025/06/01 21:38:10 opts.go:215: Received request batch of size 1 (qlen=0)
2025/06/01 21:38:10 opts.go:215: Dequeued request batch of length 1 (qlen=0)
2025/06/01 21:38:10 rpc_logger.go:32: Incoming request for "initialize" (ID 0): {"processId":2871,"clientInfo":{"name":"Code OSS for Cloud Shell","version":"1.94.2-cde"},"locale":"en","rootPath":"/home/cloud_user_p_4a537f6b","rootUri":"file:///home/cloud_user_p_4a537f6b","capabilities":{"workspace":{"applyEdit":true,"workspaceEdit":{"documentChanges":true,"resourceOperations":["create","rename","delete"],"failureHandling":"textOnlyTransactional","normalizesLineEndings":true,"changeAnnotationSupport":{"groupsOnLabel":true}},"configuration":true,"didChangeWatchedFiles":{"dynamicRegistration":true,"relativePatternSupport":true},"symbol":{"dynamicRegistration":true,"symbolKind":{"valueSet":[1,2,3,4,5,6,7,8,9,10,11,12,13,14,15,16,17,18,19,20,21,22,23,24,25,26]},"tagSupport":{"valueSet":[1]},"resolveSupport":{"properties":["location.range"]}},"codeLens":{"refreshSupport":true},"executeCommand":{"dynamicRegistration":true},"didChangeConfiguration":{"dynamicRegistration":true},"workspaceFolders":true,"foldingRange":{"refreshSupport":true},"semanticTokens":{"refreshSupport":true},"fileOperations":{"dynamicRegistration":true,"didCreate":true,"didRename":true,"didDelete":true,"willCreate":true,"willRename":true,"willDelete":true},"inlineValue":{"refreshSupport":true},"inlayHint":{"refreshSupport":true},"diagnostics":{"refreshSupport":true}},"textDocument":{"publishDiagnostics":{"relatedInformation":true,"versionSupport":false,"tagSupport":{"valueSet":[1,2]},"codeDescriptionSupport":true,"dataSupport":true},"synchronization":{"dynamicRegistration":true,"willSave":true,"willSaveWaitUntil":true,"didSave":true},"completion":{"dynamicRegistration":true,"contextSupport":true,"completionItem":{"snippetSupport":true,"commitCharactersSupport":true,"documentationFormat":["markdown","plaintext"],"deprecatedSupport":true,"preselectSupport":true,"tagSupport":{"valueSet":[1]},"insertReplaceSupport":true,"resolveSupport":{"properties":["documentation","detail","additionalTextEdits"]},"insertTextModeSupport":{"valueSet":[1,2]},"labelDetailsSupport":true},"insertTextMode":2,"completionItemKind":{"valueSet":[1,2,3,4,5,6,7,8,9,10,11,12,13,14,15,16,17,18,19,20,21,22,23,24,25]},"completionList":{"itemDefaults":["commitCharacters","editRange","insertTextFormat","insertTextMode","data"]}},"hover":{"dynamicRegistration":true,"contentFormat":["markdown","plaintext"]},"signatureHelp":{"dynamicRegistration":true,"signatureInformation":{"documentationFormat":["markdown","plaintext"],"parameterInformation":{"labelOffsetSupport":true},"activeParameterSupport":true},"contextSupport":true},"definition":{"dynamicRegistration":true,"linkSupport":true},"references":{"dynamicRegistration":true},"documentHighlight":{"dynamicRegistration":true},"documentSymbol":{"dynamicRegistration":true,"symbolKind":{"valueSet":[1,2,3,4,5,6,7,8,9,10,11,12,13,14,15,16,17,18,19,20,21,22,23,24,25,26]},"hierarchicalDocumentSymbolSupport":true,"tagSupport":{"valueSet":[1]},"labelSupport":true},"codeAction":{"dynamicRegistration":true,"isPreferredSupport":true,"disabledSupport":true,"dataSupport":true,"resolveSupport":{"properties":["edit"]},"codeActionLiteralSupport":{"codeActionKind":{"valueSet":["","quickfix","refactor","refactor.extract","refactor.inline","refactor.rewrite","source","source.organizeImports"]}},"honorsChangeAnnotations":true},"codeLens":{"dynamicRegistration":true},"formatting":{"dynamicRegistration":true},"rangeFormatting":{"dynamicRegistration":true,"rangesSupport":true},"onTypeFormatting":{"dynamicRegistration":true},"rename":{"dynamicRegistration":true,"prepareSupport":true,"prepareSupportDefaultBehavior":1,"honorsChangeAnnotations":true},"documentLink":{"dynamicRegistration":true,"tooltipSupport":true},"typeDefinition":{"dynamicRegistration":true,"linkSupport":true},"implementation":{"dynamicRegistration":true,"linkSupport":true},"colorProvider":{"dynamicRegistration":true},"foldingRange":{"dynamicRegistration":true,"rangeLimit":5000,"lineFoldingOnly":true,"foldingRangeKind":{"valueSet":["comment","imports","region"]},"foldingRange":{"collapsedText":false}},"declaration":{"dynamicRegistration":true,"linkSupport":true},"selectionRange":{"dynamicRegistration":true},"callHierarchy":{"dynamicRegistration":true},"semanticTokens":{"dynamicRegistration":true,"tokenTypes":["namespace","type","class","enum","interface","struct","typeParameter","parameter","variable","property","enumMember","event","function","method","macro","keyword","modifier","comment","string","number","regexp","operator","decorator","hcl-attrName","hcl-blockType","hcl-blockLabel","hcl-bool","hcl-string","hcl-number","hcl-objectKey","hcl-mapKey","hcl-keyword","hcl-referenceStep","hcl-typeComplex","hcl-typePrimitive","hcl-functionName"],"tokenModifiers":["declaration","definition","readonly","static","deprecated","abstract","async","modification","documentation","defaultLibrary","hcl-dependent","terraform-data","terraform-locals","terraform-module","terraform-output","terraform-provider","terraform-resource","terraform-provisioner","terraform-connection","terraform-variable","terraform-terraform","terraform-backend","terraform-name","terraform-type","terraform-requiredProviders"],"formats":["relative"],"requests":{"range":true,"full":{"delta":true}},"multilineTokenSupport":false,"overlappingTokenSupport":false,"serverCancelSupport":true,"augmentsSyntaxTokens":true},"linkedEditingRange":{"dynamicRegistration":true},"typeHierarchy":{"dynamicRegistration":true},"inlineValue":{"dynamicRegistration":true},"inlayHint":{"dynamicRegistration":true,"resolveSupport":{"properties":["tooltip","textEdits","label.tooltip","label.location","label.command"]}},"diagnostic":{"dynamicRegistration":true,"relatedDocumentSupport":false}},"window":{"showMessage":{"messageActionItem":{"additionalPropertiesSupport":true}},"showDocument":{"support":true},"workDoneProgress":true},"general":{"staleRequestSupport":{"cancel":true,"retryOnContentModified":["textDocument/semanticTokens/full","textDocument/semanticTokens/range","textDocument/semanticTokens/full/delta"]},"regularExpressions":{"engine":"ECMAScript","version":"ES2020"},"markdown":{"parser":"marked","version":"1.1.0"},"positionEncodings":["utf-16"]},"notebookDocument":{"synchronization":{"dynamicRegistration":true,"executionSummarySupport":true}},"experimental":{"refreshModuleProvidersCommandId":"client.refreshModuleProviders","refreshModuleCallsCommandId":"client.refreshModuleCalls","telemetryVersion":1,"refreshTerraformVersionCommandId":"client.refreshTerraformVersion"}},"initializationOptions":{"validation":{"enableEnhancedValidation":true},"experimentalFeatures":{"validateOnSave":false,"prefillRequiredFields":false},"ignoreSingleFileWarning":false,"terraform":{"path":"","timeout":"","logFilePath":""},"indexing":{"ignorePaths":[],"ignoreDirectoryNames":[]}},"trace":"off","workspaceFolders":[{"uri":"file:///home/cloud_user_p_4a537f6b","name":"cloud_user_p_4a537f6b"}],"workDoneToken":"9b798be8-82de-4fb5-abeb-f767a71d3768"}
2025/06/01 21:38:10 initialize.go:185: enabling telemetry (version: 1)
2025/06/01 21:38:10 initialize.go:190: telemetry enabled (version: 1)
2025/06/01 21:38:10 scheduler.go:56: launching eval loop 0
2025/06/01 21:38:10 service.go:489: started low priority scheduler
2025/06/01 21:38:10 scheduler.go:56: launching eval loop 0
2025/06/01 21:38:10 service.go:494: started high priority scheduler
2025/06/01 21:38:10 discover.go:21: bus: "feature.rootmodules" subscribed to OnDiscover
2025/06/01 21:38:10 did_open.go:28: bus: "feature.rootmodules" subscribed to OnDidOpen
2025/06/01 21:38:10 manifest_change.go:23: bus: "feature.rootmodules" subscribed to OnManifestChange
2025/06/01 21:38:10 lockfile_change.go:23: bus: "feature.rootmodules" subscribed to OnPluginLockChange
2025/06/01 21:38:10 discover.go:21: bus: "feature.modules" subscribed to OnDiscover
2025/06/01 21:38:10 did_open.go:28: bus: "feature.modules" subscribed to OnDidOpen
2025/06/01 21:38:10 did_change.go:24: bus: "feature.modules" subscribed to OnDidChange
2025/06/01 21:38:10 did_change_watched.go:27: bus: "feature.modules" subscribed to OnDidChangeWatched
2025/06/01 21:38:10 discover.go:21: bus: "feature.variables" subscribed to OnDiscover
2025/06/01 21:38:10 did_open.go:28: bus: "feature.variables" subscribed to OnDidOpen
2025/06/01 21:38:10 did_change.go:24: bus: "feature.variables" subscribed to OnDidChange
2025/06/01 21:38:10 did_change_watched.go:27: bus: "feature.variables" subscribed to OnDidChangeWatched
2025/06/01 21:38:10 discover.go:21: bus: "feature.stacks" subscribed to OnDiscover
2025/06/01 21:38:10 did_open.go:28: bus: "feature.stacks" subscribed to OnDidOpen
2025/06/01 21:38:10 did_change.go:24: bus: "feature.stacks" subscribed to OnDidChange
2025/06/01 21:38:10 did_change_watched.go:27: bus: "feature.stacks" subscribed to OnDidChangeWatched
2025/06/01 21:38:10 discover.go:21: bus: "feature.tests" subscribed to OnDiscover
2025/06/01 21:38:10 did_open.go:28: bus: "feature.tests" subscribed to OnDidOpen
2025/06/01 21:38:10 did_change.go:24: bus: "feature.tests" subscribed to OnDidChange
2025/06/01 21:38:10 did_change_watched.go:27: bus: "feature.tests" subscribed to OnDidChangeWatched
2025/06/01 21:38:10 opts.go:215: Posting server notification "telemetry/event" {"v":1,"name":"initialize","properties":{"experimentalCapabilities.referenceCountCodeLens":false,"experimentalCapabilities.refreshModuleCalls":true,"experimentalCapabilities.refreshModuleProviders":true,"experimentalCapabilities.refreshTerraformVersion":true,"lsVersion":"0.36.4","options.commandPrefix":false,"options.excludeModulePaths":false,"options.experimentalFeatures.prefillRequiredFields":false,"options.experimentalFeatures.validateOnSave":false,"options.ignoreSingleFileWarning":false,"options.indexing.ignoreDirectoryNames":false,"options.indexing.ignorePaths":false,"options.rootModulePaths":false,"options.terraform.logFilePath":false,"options.terraform.path":false,"options.terraform.timeout":"","options.validation.earlyValidation":true,"root_uri":"dir"}}
2025/06/01 21:38:10 rpc_logger.go:53: Response to "initialize" (ID 0): {"capabilities":{"textDocumentSync":{"openClose":true,"change":2,"save":{}},"completionProvider":{"triggerCharacters":[".","["],"resolveProvider":true},"hoverProvider":true,"signatureHelpProvider":{"triggerCharacters":["(",","]},"declarationProvider":true,"definitionProvider":true,"referencesProvider":true,"documentSymbolProvider":true,"codeActionProvider":{"codeActionKinds":["source.formatAll.terraform"]},"codeLensProvider":{},"documentLinkProvider":{},"workspaceSymbolProvider":true,"documentFormattingProvider":true,"executeCommandProvider":{"commands":["terraform-ls.module.callers","terraform-ls.module.calls","terraform-ls.module.providers","terraform-ls.module.terraform","terraform-ls.rootmodules","terraform-ls.terraform.init","terraform-ls.terraform.validate"],"workDoneProgress":true},"semanticTokensProvider":{"legend":{"tokenTypes":["enumMember","function","keyword","number","parameter","property","string","type","variable","hcl-attrName","hcl-blockType","hcl-blockLabel","hcl-bool","hcl-string","hcl-number","hcl-objectKey","hcl-mapKey","hcl-keyword","hcl-referenceStep","hcl-typeComplex","hcl-typePrimitive","hcl-functionName"],"tokenModifiers":["defaultLibrary","hcl-dependent","terraform-backend","terraform-connection","terraform-data","terraform-locals","terraform-module","terraform-name","terraform-output","terraform-provider","terraform-provisioner","terraform-requiredProviders","terraform-resource","terraform-terraform","terraform-type","terraform-variable"]},"full":true},"workspace":{"workspaceFolders":{"supported":true,"changeNotifications":"workspace/didChangeWorkspaceFolders"},"fileOperations":{}},"experimental":{"referenceCountCodeLens":false,"refreshModuleProviders":true,"refreshModuleCalls":true,"refreshTerraformVersion":true}},"serverInfo":{"name":"terraform-ls","version":"0.36.4"}}
2025/06/01 21:38:10 opts.go:215: Completed 1 requests [3.61184ms elapsed]
2025/06/01 21:38:10 walker_paths.go:255: walking next dir: {"file:///home/cloud_user_p_4a537f6b"}
2025/06/01 21:38:10 discover.go:26: bus: -> Discover /home/cloud_user_p_4a537f6b
2025/06/01 21:38:10 events.go:30: discovered module file in /home/cloud_user_p_4a537f6b
2025/06/01 21:38:10 discover.go:26: bus: -> Discover /home/cloud_user_p_4a537f6b/.cache
2025/06/01 21:38:10 discover.go:26: bus: -> Discover /home/cloud_user_p_4a537f6b/.cache/Microsoft
2025/06/01 21:38:10 discover.go:26: bus: -> Discover /home/cloud_user_p_4a537f6b/.cache/Microsoft/DeveloperTools
2025/06/01 21:38:10 walker.go:217: walking of {file:///home/cloud_user_p_4a537f6b/.cache/Microsoft/DeveloperTools} finished
2025/06/01 21:38:10 walker.go:217: walking of {file:///home/cloud_user_p_4a537f6b/.cache/Microsoft} finished
2025/06/01 21:38:10 discover.go:26: bus: -> Discover /home/cloud_user_p_4a537f6b/.cache/cloud-code
2025/06/01 21:38:10 discover.go:26: bus: -> Discover /home/cloud_user_p_4a537f6b/.cache/cloud-code/api-metadata
2025/06/01 21:38:10 walker.go:217: walking of {file:///home/cloud_user_p_4a537f6b/.cache/cloud-code/api-metadata} finished
2025/06/01 21:38:10 discover.go:26: bus: -> Discover /home/cloud_user_p_4a537f6b/.cache/cloud-code/cloudcode_cli
2025/06/01 21:38:10 discover.go:26: bus: -> Discover /home/cloud_user_p_4a537f6b/.cache/cloud-code/cloudcode_cli/cloudcode_cli
2025/06/01 21:38:10 discover.go:26: bus: -> Discover /home/cloud_user_p_4a537f6b/.cache/cloud-code/cloudcode_cli/cloudcode_cli/bceb4b0f
2025/06/01 21:38:10 walker.go:217: walking of {file:///home/cloud_user_p_4a537f6b/.cache/cloud-code/cloudcode_cli/cloudcode_cli/bceb4b0f} finished
2025/06/01 21:38:10 walker.go:217: walking of {file:///home/cloud_user_p_4a537f6b/.cache/cloud-code/cloudcode_cli/cloudcode_cli} finished
2025/06/01 21:38:10 walker.go:217: walking of {file:///home/cloud_user_p_4a537f6b/.cache/cloud-code/cloudcode_cli} finished
2025/06/01 21:38:10 walker.go:217: walking of {file:///home/cloud_user_p_4a537f6b/.cache/cloud-code} finished
2025/06/01 21:38:10 walker.go:217: walking of {file:///home/cloud_user_p_4a537f6b/.cache} finished
2025/06/01 21:38:10 discover.go:26: bus: -> Discover /home/cloud_user_p_4a537f6b/.codeoss
2025/06/01 21:38:10 discover.go:26: bus: -> Discover /home/cloud_user_p_4a537f6b/.codeoss/data
2025/06/01 21:38:10 discover.go:26: bus: -> Discover /home/cloud_user_p_4a537f6b/.codeoss/data/CachedExtensionVSIXs
2025/06/01 21:38:10 events.go:23: discovered variable file in /home/cloud_user_p_4a537f6b
2025/06/01 21:38:10 walker.go:217: walking of {file:///home/cloud_user_p_4a537f6b/.codeoss/data/CachedExtensionVSIXs} finished
2025/06/01 21:38:10 discover.go:26: bus: -> Discover /home/cloud_user_p_4a537f6b/.codeoss/data/CachedProfilesData
2025/06/01 21:38:10 discover.go:26: bus: -> Discover /home/cloud_user_p_4a537f6b/.codeoss/data/CachedProfilesData/__default__profile__
2025/06/01 21:38:10 walker.go:217: walking of {file:///home/cloud_user_p_4a537f6b/.codeoss/data/CachedProfilesData/__default__profile__} finished
2025/06/01 21:38:10 walker.go:217: walking of {file:///home/cloud_user_p_4a537f6b/.codeoss/data/CachedProfilesData} finished
2025/06/01 21:38:10 discover.go:26: bus: -> Discover /home/cloud_user_p_4a537f6b/.codeoss/data/Machine
2025/06/01 21:38:10 walker.go:217: walking of {file:///home/cloud_user_p_4a537f6b/.codeoss/data/Machine} finished
2025/06/01 21:38:10 discover.go:26: bus: -> Discover /home/cloud_user_p_4a537f6b/.codeoss/data/User
2025/06/01 21:38:10 discover.go:26: bus: -> Discover /home/cloud_user_p_4a537f6b/.codeoss/data/User/History
2025/06/01 21:38:10 discover.go:26: bus: -> Discover /home/cloud_user_p_4a537f6b/.codeoss/data/User/History/-12af6b4
2025/06/01 21:38:10 events.go:30: discovered module file in /home/cloud_user_p_4a537f6b/.codeoss/data/User/History/-12af6b4
2025/06/01 21:38:10 walker.go:217: walking of {file:///home/cloud_user_p_4a537f6b/.codeoss/data/User/History/-12af6b4} finished
2025/06/01 21:38:10 discover.go:26: bus: -> Discover /home/cloud_user_p_4a537f6b/.codeoss/data/User/History/-422a496d
2025/06/01 21:38:10 walker.go:217: walking of {file:///home/cloud_user_p_4a537f6b/.codeoss/data/User/History/-422a496d} finished
2025/06/01 21:38:10 walker.go:217: walking of {file:///home/cloud_user_p_4a537f6b/.codeoss/data/User/History} finished
Client: Starting --> Running
2025/06/01 21:38:10 discover.go:26: bus: -> Discover /home/cloud_user_p_4a537f6b/.codeoss/data/User/globalStorage
2025/06/01 21:38:10 discover.go:26: bus: -> Discover /home/cloud_user_p_4a537f6b/.codeoss/data/User/globalStorage/vscode.json-language-features
2025/06/01 21:38:10 discover.go:26: bus: -> Discover /home/cloud_user_p_4a537f6b/.codeoss/data/User/globalStorage/vscode.json-language-features/json-schema-cache
2025/06/01 21:38:10 walker.go:217: walking of {file:///home/cloud_user_p_4a537f6b/.codeoss/data/User/globalStorage/vscode.json-language-features/json-schema-cache} finished
2025/06/01 21:38:10 walker.go:217: walking of {file:///home/cloud_user_p_4a537f6b/.codeoss/data/User/globalStorage/vscode.json-language-features} finished
2025/06/01 21:38:10 walker.go:217: walking of {file:///home/cloud_user_p_4a537f6b/.codeoss/data/User/globalStorage} finished
2025/06/01 21:38:10 discover.go:26: bus: -> Discover /home/cloud_user_p_4a537f6b/.codeoss/data/User/workspaceStorage
2025/06/01 21:38:10 discover.go:26: bus: -> Discover /home/cloud_user_p_4a537f6b/.codeoss/data/User/workspaceStorage/5e09a141
2025/06/01 21:38:10 walker.go:217: walking of {file:///home/cloud_user_p_4a537f6b/.codeoss/data/User/workspaceStorage/5e09a141} finished
2025/06/01 21:38:10 walker.go:217: walking of {file:///home/cloud_user_p_4a537f6b/.codeoss/data/User/workspaceStorage} finished
2025/06/01 21:38:10 walker.go:217: walking of {file:///home/cloud_user_p_4a537f6b/.codeoss/data/User} finished
2025/06/01 21:38:10 discover.go:26: bus: -> Discover /home/cloud_user_p_4a537f6b/.codeoss/data/logs
2025/06/01 21:38:10 discover.go:26: bus: -> Discover /home/cloud_user_p_4a537f6b/.codeoss/data/logs/20250601T192340
2025/06/01 21:38:10 discover.go:26: bus: -> Discover /home/cloud_user_p_4a537f6b/.codeoss/data/logs/20250601T192340/exthost1
2025/06/01 21:38:10 discover.go:26: bus: -> Discover /home/cloud_user_p_4a537f6b/.codeoss/data/logs/20250601T192340/exthost1/output_logging_20250601T192348
2025/06/01 21:38:10 walker.go:217: walking of {file:///home/cloud_user_p_4a537f6b/.codeoss/data/logs/20250601T192340/exthost1/output_logging_20250601T192348} finished
2025/06/01 21:38:10 discover.go:26: bus: -> Discover /home/cloud_user_p_4a537f6b/.codeoss/data/logs/20250601T192340/exthost1/vscode.git
2025/06/01 21:38:10 walker.go:217: walking of {file:///home/cloud_user_p_4a537f6b/.codeoss/data/logs/20250601T192340/exthost1/vscode.git} finished
2025/06/01 21:38:10 discover.go:26: bus: -> Discover /home/cloud_user_p_4a537f6b/.codeoss/data/logs/20250601T192340/exthost1/vscode.github
2025/06/01 21:38:10 walker.go:217: walking of {file:///home/cloud_user_p_4a537f6b/.codeoss/data/logs/20250601T192340/exthost1/vscode.github} finished
2025/06/01 21:38:10 discover.go:26: bus: -> Discover /home/cloud_user_p_4a537f6b/.codeoss/data/logs/20250601T192340/exthost1/vscode.json-language-features
2025/06/01 21:38:10 walker.go:217: walking of {file:///home/cloud_user_p_4a537f6b/.codeoss/data/logs/20250601T192340/exthost1/vscode.json-language-features} finished
2025/06/01 21:38:10 walker.go:217: walking of {file:///home/cloud_user_p_4a537f6b/.codeoss/data/logs/20250601T192340/exthost1} finished
2025/06/01 21:38:10 walker.go:217: walking of {file:///home/cloud_user_p_4a537f6b/.codeoss/data/logs/20250601T192340} finished
2025/06/01 21:38:10 discover.go:26: bus: -> Discover /home/cloud_user_p_4a537f6b/.codeoss/data/logs/20250601T204833
2025/06/01 21:38:10 discover.go:26: bus: -> Discover /home/cloud_user_p_4a537f6b/.codeoss/data/logs/20250601T204833/exthost1
2025/06/01 21:38:10 discover.go:26: bus: -> Discover /home/cloud_user_p_4a537f6b/.codeoss/data/logs/20250601T204833/exthost1/output_logging_20250601T204842
2025/06/01 21:38:10 walker.go:217: walking of {file:///home/cloud_user_p_4a537f6b/.codeoss/data/logs/20250601T204833/exthost1/output_logging_20250601T204842} finished
2025/06/01 21:38:10 discover.go:26: bus: -> Discover /home/cloud_user_p_4a537f6b/.codeoss/data/logs/20250601T204833/exthost1/vscode.git
2025/06/01 21:38:10 walker.go:217: walking of {file:///home/cloud_user_p_4a537f6b/.codeoss/data/logs/20250601T204833/exthost1/vscode.git} finished
2025/06/01 21:38:10 discover.go:26: bus: -> Discover /home/cloud_user_p_4a537f6b/.codeoss/data/logs/20250601T204833/exthost1/vscode.github
2025/06/01 21:38:10 walker.go:217: walking of {file:///home/cloud_user_p_4a537f6b/.codeoss/data/logs/20250601T204833/exthost1/vscode.github} finished
2025/06/01 21:38:10 discover.go:26: bus: -> Discover /home/cloud_user_p_4a537f6b/.codeoss/data/logs/20250601T204833/exthost1/vscode.json-language-features
2025/06/01 21:38:10 walker.go:217: walking of {file:///home/cloud_user_p_4a537f6b/.codeoss/data/logs/20250601T204833/exthost1/vscode.json-language-features} finished
2025/06/01 21:38:10 walker.go:217: walking of {file:///home/cloud_user_p_4a537f6b/.codeoss/data/logs/20250601T204833/exthost1} finished
2025/06/01 21:38:10 discover.go:26: bus: -> Discover /home/cloud_user_p_4a537f6b/.codeoss/data/logs/20250601T204833/exthost2
2025/06/01 21:38:10 walker.go:217: walking of {file:///home/cloud_user_p_4a537f6b/.codeoss/data/logs/20250601T204833/exthost2} finished
2025/06/01 21:38:10 walker.go:217: walking of {file:///home/cloud_user_p_4a537f6b/.codeoss/data/logs/20250601T204833} finished
2025/06/01 21:38:10 discover.go:26: bus: -> Discover /home/cloud_user_p_4a537f6b/.codeoss/data/logs/20250601T204930
2025/06/01 21:38:10 discover.go:26: bus: -> Discover /home/cloud_user_p_4a537f6b/.codeoss/data/logs/20250601T204930/exthost1
2025/06/01 21:38:10 discover.go:26: bus: -> Discover /home/cloud_user_p_4a537f6b/.codeoss/data/logs/20250601T204930/exthost1/output_logging_20250601T204939
2025/06/01 21:38:10 walker.go:217: walking of {file:///home/cloud_user_p_4a537f6b/.codeoss/data/logs/20250601T204930/exthost1/output_logging_20250601T204939} finished
2025/06/01 21:38:10 discover.go:26: bus: -> Discover /home/cloud_user_p_4a537f6b/.codeoss/data/logs/20250601T204930/exthost1/vscode.git
2025/06/01 21:38:10 walker.go:217: walking of {file:///home/cloud_user_p_4a537f6b/.codeoss/data/logs/20250601T204930/exthost1/vscode.git} finished
2025/06/01 21:38:10 discover.go:26: bus: -> Discover /home/cloud_user_p_4a537f6b/.codeoss/data/logs/20250601T204930/exthost1/vscode.github
2025/06/01 21:38:10 walker.go:217: walking of {file:///home/cloud_user_p_4a537f6b/.codeoss/data/logs/20250601T204930/exthost1/vscode.github} finished
2025/06/01 21:38:10 discover.go:26: bus: -> Discover /home/cloud_user_p_4a537f6b/.codeoss/data/logs/20250601T204930/exthost1/vscode.json-language-features
2025/06/01 21:38:10 walker.go:217: walking of {file:///home/cloud_user_p_4a537f6b/.codeoss/data/logs/20250601T204930/exthost1/vscode.json-language-features} finished
2025/06/01 21:38:10 walker.go:217: walking of {file:///home/cloud_user_p_4a537f6b/.codeoss/data/logs/20250601T204930/exthost1} finished
2025/06/01 21:38:10 discover.go:26: bus: -> Discover /home/cloud_user_p_4a537f6b/.codeoss/data/logs/20250601T204930/exthost2
2025/06/01 21:38:10 discover.go:26: bus: -> Discover /home/cloud_user_p_4a537f6b/.codeoss/data/logs/20250601T204930/exthost2/hashicorp.terraform
Started client
2025/06/01 21:38:10 walker.go:217: walking of {file:///home/cloud_user_p_4a537f6b/.codeoss/data/logs/20250601T204930/exthost2/hashicorp.terraform} finished
2025/06/01 21:38:10 discover.go:26: bus: -> Discover /home/cloud_user_p_4a537f6b/.codeoss/data/logs/20250601T204930/exthost2/output_logging_20250601T213745
2025/06/01 21:38:10 walker.go:217: walking of {file:///home/cloud_user_p_4a537f6b/.codeoss/data/logs/20250601T204930/exthost2/output_logging_20250601T213745} finished
2025/06/01 21:38:10 discover.go:26: bus: -> Discover /home/cloud_user_p_4a537f6b/.codeoss/data/logs/20250601T204930/exthost2/vscode.git
2025/06/01 21:38:10 walker.go:217: walking of {file:///home/cloud_user_p_4a537f6b/.codeoss/data/logs/20250601T204930/exthost2/vscode.git} finished
2025/06/01 21:38:10 discover.go:26: bus: -> Discover /home/cloud_user_p_4a537f6b/.codeoss/data/logs/20250601T204930/exthost2/vscode.github
2025/06/01 21:38:10 walker.go:217: walking of {file:///home/cloud_user_p_4a537f6b/.codeoss/data/logs/20250601T204930/exthost2/vscode.github} finished
2025/06/01 21:38:10 discover.go:26: bus: -> Discover /home/cloud_user_p_4a537f6b/.codeoss/data/logs/20250601T204930/exthost2/vscode.json-language-features
2025/06/01 21:38:10 walker.go:217: walking of {file:///home/cloud_user_p_4a537f6b/.codeoss/data/logs/20250601T204930/exthost2/vscode.json-language-features} finished
2025/06/01 21:38:10 walker.go:217: walking of {file:///home/cloud_user_p_4a537f6b/.codeoss/data/logs/20250601T204930/exthost2} finished
2025/06/01 21:38:10 walker.go:217: walking of {file:///home/cloud_user_p_4a537f6b/.codeoss/data/logs/20250601T204930} finished
2025/06/01 21:38:10 walker.go:217: walking of {file:///home/cloud_user_p_4a537f6b/.codeoss/data/logs} finished
2025/06/01 21:38:10 walker.go:217: walking of {file:///home/cloud_user_p_4a537f6b/.codeoss/data} finished
2025/06/01 21:38:10 discover.go:26: bus: -> Discover /home/cloud_user_p_4a537f6b/.codeoss/extensions
2025/06/01 21:38:10 discover.go:26: bus: -> Discover /home/cloud_user_p_4a537f6b/.codeoss/extensions/hashicorp.terraform-2.34.4-linux-x64
2025/06/01 21:38:10 discover.go:26: bus: -> Discover /home/cloud_user_p_4a537f6b/.codeoss/extensions/hashicorp.terraform-2.34.4-linux-x64/assets
2025/06/01 21:38:10 discover.go:26: bus: -> Discover /home/cloud_user_p_4a537f6b/.codeoss/extensions/hashicorp.terraform-2.34.4-linux-x64/assets/icons
2025/06/01 21:38:10 walker.go:217: walking of {file:///home/cloud_user_p_4a537f6b/.codeoss/extensions/hashicorp.terraform-2.34.4-linux-x64/assets/icons} finished
2025/06/01 21:38:10 walker.go:217: walking of {file:///home/cloud_user_p_4a537f6b/.codeoss/extensions/hashicorp.terraform-2.34.4-linux-x64/assets} finished
2025/06/01 21:38:10 discover.go:26: bus: -> Discover /home/cloud_user_p_4a537f6b/.codeoss/extensions/hashicorp.terraform-2.34.4-linux-x64/bin
2025/06/01 21:38:10 walker.go:217: walking of {file:///home/cloud_user_p_4a537f6b/.codeoss/extensions/hashicorp.terraform-2.34.4-linux-x64/bin} finished
2025/06/01 21:38:10 discover.go:26: bus: -> Discover /home/cloud_user_p_4a537f6b/.codeoss/extensions/hashicorp.terraform-2.34.4-linux-x64/dist
2025/06/01 21:38:10 discover.go:26: bus: -> Discover /home/cloud_user_p_4a537f6b/.codeoss/extensions/hashicorp.terraform-2.34.4-linux-x64/dist/web
2025/06/01 21:38:10 walker.go:217: walking of {file:///home/cloud_user_p_4a537f6b/.codeoss/extensions/hashicorp.terraform-2.34.4-linux-x64/dist/web} finished
2025/06/01 21:38:10 walker.go:217: walking of {file:///home/cloud_user_p_4a537f6b/.codeoss/extensions/hashicorp.terraform-2.34.4-linux-x64/dist} finished
2025/06/01 21:38:10 discover.go:26: bus: -> Discover /home/cloud_user_p_4a537f6b/.codeoss/extensions/hashicorp.terraform-2.34.4-linux-x64/syntaxes
2025/06/01 21:38:10 walker.go:217: walking of {file:///home/cloud_user_p_4a537f6b/.codeoss/extensions/hashicorp.terraform-2.34.4-linux-x64/syntaxes} finished
2025/06/01 21:38:10 walker.go:217: walking of {file:///home/cloud_user_p_4a537f6b/.codeoss/extensions/hashicorp.terraform-2.34.4-linux-x64} finished
2025/06/01 21:38:10 walker.go:217: walking of {file:///home/cloud_user_p_4a537f6b/.codeoss/extensions} finished
2025/06/01 21:38:10 walker.go:217: walking of {file:///home/cloud_user_p_4a537f6b/.codeoss} finished
2025/06/01 21:38:10 discover.go:26: bus: -> Discover /home/cloud_user_p_4a537f6b/.config
2025/06/01 21:38:10 discover.go:26: bus: -> Discover /home/cloud_user_p_4a537f6b/.config/powershell
2025/06/01 21:38:10 walker.go:217: walking of {file:///home/cloud_user_p_4a537f6b/.config/powershell} finished
2025/06/01 21:38:10 walker.go:217: walking of {file:///home/cloud_user_p_4a537f6b/.config} finished
2025/06/01 21:38:10 discover.go:26: bus: -> Discover /home/cloud_user_p_4a537f6b/.docker
2025/06/01 21:38:10 walker.go:217: walking of {file:///home/cloud_user_p_4a537f6b/.docker} finished
2025/06/01 21:38:10 discover.go:26: bus: -> Discover /home/cloud_user_p_4a537f6b/.gsutil
2025/06/01 21:38:10 walker.go:217: walking of {file:///home/cloud_user_p_4a537f6b/.gsutil} finished
2025/06/01 21:38:10 discover.go:26: bus: -> Discover /home/cloud_user_p_4a537f6b/.npm
2025/06/01 21:38:10 opts.go:215: Received request batch of size 1 (qlen=0)
2025/06/01 21:38:10 discover.go:26: bus: -> Discover /home/cloud_user_p_4a537f6b/.npm/_logs
2025/06/01 21:38:10 walker.go:217: walking of {file:///home/cloud_user_p_4a537f6b/.npm/_logs} finished
2025/06/01 21:38:10 walker.go:217: walking of {file:///home/cloud_user_p_4a537f6b/.npm} finished
2025/06/01 21:38:10 discover.go:26: bus: -> Discover /home/cloud_user_p_4a537f6b/.terraform.d
2025/06/01 21:38:10 walker.go:217: walking of {file:///home/cloud_user_p_4a537f6b/.terraform.d} finished
2025/06/01 21:38:10 walker.go:204: skipping ignored dir name: .vscode
2025/06/01 21:38:10 discover.go:26: bus: -> Discover /home/cloud_user_p_4a537f6b/modules
2025/06/01 21:38:10 events.go:30: discovered module file in /home/cloud_user_p_4a537f6b/modules
2025/06/01 21:38:10 walker.go:217: walking of {file:///home/cloud_user_p_4a537f6b/modules} finished
2025/06/01 21:38:10 walker.go:217: walking of {file:///home/cloud_user_p_4a537f6b} finished
2025/06/01 21:38:10 walker.go:145: walker: walking through {"file:///home/cloud_user_p_4a537f6b"} finished
2025/06/01 21:38:10 opts.go:215: Dequeued request batch of length 1 (qlen=0)
2025/06/01 21:38:10 rpc_logger.go:32: Incoming notification for "initialized": {}
2025/06/01 21:38:10 opts.go:215: Posting server call "client/registerCapability" {"registrations":[{"id":"2f123031-19d7-e1de-d0a7-f86c42a62d92","method":"workspace/didChangeWatchedFiles","registerOptions":{"watchers":[{"globPattern":"**/.terraform","kind":3},{"globPattern":"**/.terraform/modules/modules.json"},{"globPattern":"**/.terraform.lock.hcl"},{"globPattern":"**/.terraform/plugins/selections.json"},{"globPattern":"**/.terraform/plugins/linux_amd64/lock.json"}]}}]}
2025/06/01 21:38:10 opts.go:215: Received request batch of size 1 (qlen=0)
2025/06/01 21:38:10 opts.go:215: Dequeued request batch of length 1 (qlen=0)
2025/06/01 21:38:10 opts.go:215: Received response for callback "1"
2025/06/01 21:38:10 rpc_logger.go:32: Incoming notification for "textDocument/didOpen": {"textDocument":{"uri":"file:///home/cloud_user_p_4a537f6b/providers.tf","languageId":"terraform","version":2,"text":"terraform {\n  required_providers {\n    google = {\n      source  = \"hashicorp/google\"\n      version = \"~> 5.0\"\n    }\n  }\n}\n\nprovider \"google\" {\n  project = var.project_id\n  region  = \"us-central1\"\n}"}}
2025/06/01 21:38:10 did_open.go:33: bus: -> DidOpen {file:///home/cloud_user_p_4a537f6b}
2025/06/01 21:38:10 events.go:47: did open "/home/cloud_user_p_4a537f6b" "terraform"
2025/06/01 21:38:10 jobs.go:140: JOBS: Enqueueing new job "1": "OpTypeParseModuleConfiguration" for {"file:///home/cloud_user_p_4a537f6b"} (IsDirOpen: true, IgnoreState: false)
2025/06/01 21:38:10 jobs.go:140: JOBS: Enqueueing new job "2": "OpTypeLoadModuleMetadata" for {"file:///home/cloud_user_p_4a537f6b"} (IsDirOpen: true, IgnoreState: false)
2025/06/01 21:38:10 jobs.go:140: JOBS: Enqueueing new job "3": "OpTypeGetModuleDataFromRegistry" for {"file:///home/cloud_user_p_4a537f6b"} (IsDirOpen: true, IgnoreState: false)
2025/06/01 21:38:10 jobs.go:140: JOBS: Enqueueing new job "4": "OpTypeParseVariables" for {"file:///home/cloud_user_p_4a537f6b"} (IsDirOpen: true, IgnoreState: false)
2025/06/01 21:38:10 jobs.go:140: JOBS: Enqueueing new job "5": "OpTypeDecodeVarsReferences" for {"file:///home/cloud_user_p_4a537f6b"} (IsDirOpen: true, IgnoreState: false)
2025/06/01 21:38:10 jobs.go:140: JOBS: Enqueueing new job "6": "OpTypeSchemaVarsValidation" for {"file:///home/cloud_user_p_4a537f6b"} (IsDirOpen: true, IgnoreState: false)
2025/06/01 21:38:10 events.go:51: did open "/home/cloud_user_p_4a537f6b" "terraform"
2025/06/01 21:38:10 events.go:48: did open "/home/cloud_user_p_4a537f6b" "terraform"
2025/06/01 21:38:10 jobs.go:345: JOBS: Dispatching next job "1" (scheduler prio: 1, job prio: 0, isDirOpen: true): "OpTypeParseModuleConfiguration" for {"file:///home/cloud_user_p_4a537f6b"}
2025/06/01 21:38:10 jobs.go:487: JOBS: Finishing job "1": "OpTypeParseModuleConfiguration" for {"file:///home/cloud_user_p_4a537f6b"} (err = %!s(<nil>), deferredJobs: [])
2025/06/01 21:38:10 jobs.go:345: JOBS: Dispatching next job "2" (scheduler prio: 1, job prio: 0, isDirOpen: true): "OpTypeLoadModuleMetadata" for {"file:///home/cloud_user_p_4a537f6b"}
2025/06/01 21:38:10 jobs.go:140: JOBS: Enqueueing new job "7": "OpTypePreloadEmbeddedSchema" for {"file:///home/cloud_user_p_4a537f6b"} (IsDirOpen: true, IgnoreState: false)
2025/06/01 21:38:10 jobs.go:140: JOBS: Enqueueing new job "8": "OpTypeDecodeReferenceTargets" for {"file:///home/cloud_user_p_4a537f6b"} (IsDirOpen: true, IgnoreState: false)
2025/06/01 21:38:10 jobs.go:140: JOBS: Enqueueing new job "9": "OpTypeDecodeReferenceOrigins" for {"file:///home/cloud_user_p_4a537f6b"} (IsDirOpen: true, IgnoreState: false)
2025/06/01 21:38:10 jobs.go:140: JOBS: Enqueueing new job "10": "OpTypeSchemaModuleValidation" for {"file:///home/cloud_user_p_4a537f6b"} (IsDirOpen: true, IgnoreState: false)
2025/06/01 21:38:10 jobs.go:140: JOBS: Enqueueing new job "11": "OpTypeReferenceValidation" for {"file:///home/cloud_user_p_4a537f6b"} (IsDirOpen: true, IgnoreState: false)
2025/06/01 21:38:10 jobs.go:140: JOBS: Enqueueing new job "12": "OpTypeDecodeWriteOnlyAttributes" for {"file:///home/cloud_user_p_4a537f6b"} (IsDirOpen: true, IgnoreState: false)
2025/06/01 21:38:10 jobs.go:487: JOBS: Finishing job "2": "OpTypeLoadModuleMetadata" for {"file:///home/cloud_user_p_4a537f6b"} (err = %!s(<nil>), deferredJobs: ["7" "8" "9" "12"])
2025/06/01 21:38:10 jobs.go:345: JOBS: Dispatching next job "4" (scheduler prio: 1, job prio: 0, isDirOpen: true): "OpTypeParseVariables" for {"file:///home/cloud_user_p_4a537f6b"}
2025/06/01 21:38:10 jobs.go:487: JOBS: Finishing job "4": "OpTypeParseVariables" for {"file:///home/cloud_user_p_4a537f6b"} (err = %!s(<nil>), deferredJobs: [])
2025/06/01 21:38:10 jobs.go:345: JOBS: Dispatching next job "5" (scheduler prio: 1, job prio: 0, isDirOpen: true): "OpTypeDecodeVarsReferences" for {"file:///home/cloud_user_p_4a537f6b"}
2025/06/01 21:38:10 jobs.go:487: JOBS: Finishing job "5": "OpTypeDecodeVarsReferences" for {"file:///home/cloud_user_p_4a537f6b"} (err = %!s(<nil>), deferredJobs: [])
2025/06/01 21:38:10 jobs.go:345: JOBS: Dispatching next job "6" (scheduler prio: 1, job prio: 0, isDirOpen: true): "OpTypeSchemaVarsValidation" for {"file:///home/cloud_user_p_4a537f6b"}
2025/06/01 21:38:10 jobs.go:487: JOBS: Finishing job "6": "OpTypeSchemaVarsValidation" for {"file:///home/cloud_user_p_4a537f6b"} (err = %!s(<nil>), deferredJobs: [])
2025/06/01 21:38:10 jobs.go:345: JOBS: Dispatching next job "7" (scheduler prio: 1, job prio: 0, isDirOpen: true): "OpTypePreloadEmbeddedSchema" for {"file:///home/cloud_user_p_4a537f6b"}
2025/06/01 21:38:10 jobs.go:345: JOBS: Dispatching next job "3" (scheduler prio: -1, job prio: -1, isDirOpen: true): "OpTypeGetModuleDataFromRegistry" for {"file:///home/cloud_user_p_4a537f6b"}
2025/06/01 21:38:10 jobs.go:487: JOBS: Finishing job "3": "OpTypeGetModuleDataFromRegistry" for {"file:///home/cloud_user_p_4a537f6b"} (err = %!s(<nil>), deferredJobs: [])
2025/06/01 21:38:11 opts.go:215: Received request batch of size 1 (qlen=0)
2025/06/01 21:38:11 opts.go:215: Received request batch of size 1 (qlen=1)
2025/06/01 21:38:11 opts.go:215: Dequeued request batch of length 1 (qlen=1)
2025/06/01 21:38:11 opts.go:215: Dequeued request batch of length 1 (qlen=0)
2025/06/01 21:38:11 rpc_logger.go:32: Incoming request for "textDocument/documentSymbol" (ID 1): {"textDocument":{"uri":"file:///home/cloud_user_p_4a537f6b/providers.tf"}}
2025/06/01 21:38:11 rpc_logger.go:32: Incoming request for "textDocument/documentLink" (ID 2): {"textDocument":{"uri":"file:///home/cloud_user_p_4a537f6b/providers.tf"}}
2025/06/01 21:38:11 provider_schema.go:604: preloaded schema for registry.terraform.io/hashicorp/google 6.17.0 in 266.066246ms
2025/06/01 21:38:11 jobs.go:487: JOBS: Finishing job "7": "OpTypePreloadEmbeddedSchema" for {"file:///home/cloud_user_p_4a537f6b"} (err = %!s(<nil>), deferredJobs: [])
2025/06/01 21:38:11 jobs.go:345: JOBS: Dispatching next job "10" (scheduler prio: 1, job prio: 0, isDirOpen: true): "OpTypeSchemaModuleValidation" for {"file:///home/cloud_user_p_4a537f6b"}
2025/06/01 21:38:11 jobs.go:487: JOBS: Finishing job "10": "OpTypeSchemaModuleValidation" for {"file:///home/cloud_user_p_4a537f6b"} (err = %!s(<nil>), deferredJobs: [])
2025/06/01 21:38:11 jobs.go:345: JOBS: Dispatching next job "12" (scheduler prio: 1, job prio: 0, isDirOpen: true): "OpTypeDecodeWriteOnlyAttributes" for {"file:///home/cloud_user_p_4a537f6b"}
2025/06/01 21:38:11 jobs.go:487: JOBS: Finishing job "12": "OpTypeDecodeWriteOnlyAttributes" for {"file:///home/cloud_user_p_4a537f6b"} (err = %!s(<nil>), deferredJobs: [])
2025/06/01 21:38:11 jobs.go:345: JOBS: Dispatching next job "8" (scheduler prio: 1, job prio: 0, isDirOpen: true): "OpTypeDecodeReferenceTargets" for {"file:///home/cloud_user_p_4a537f6b"}
2025/06/01 21:38:11 jobs.go:487: JOBS: Finishing job "8": "OpTypeDecodeReferenceTargets" for {"file:///home/cloud_user_p_4a537f6b"} (err = %!s(<nil>), deferredJobs: [])
2025/06/01 21:38:11 jobs.go:345: JOBS: Dispatching next job "9" (scheduler prio: 1, job prio: 0, isDirOpen: true): "OpTypeDecodeReferenceOrigins" for {"file:///home/cloud_user_p_4a537f6b"}
2025/06/01 21:38:11 opts.go:215: Received request batch of size 1 (qlen=0)
2025/06/01 21:38:11 jobs.go:487: JOBS: Finishing job "9": "OpTypeDecodeReferenceOrigins" for {"file:///home/cloud_user_p_4a537f6b"} (err = %!s(<nil>), deferredJobs: [])
2025/06/01 21:38:11 jobs.go:345: JOBS: Dispatching next job "11" (scheduler prio: 1, job prio: 0, isDirOpen: true): "OpTypeReferenceValidation" for {"file:///home/cloud_user_p_4a537f6b"}
2025/06/01 21:38:11 jobs.go:487: JOBS: Finishing job "11": "OpTypeReferenceValidation" for {"file:///home/cloud_user_p_4a537f6b"} (err = %!s(<nil>), deferredJobs: [])
2025/06/01 21:38:11 opts.go:215: Posting server notification "telemetry/event" {"v":1,"name":"moduleData","properties":{"moduleId":"cc2999e9-5a89-a684-6c0b-879a30854ede","providerRequirements":{"registry.terraform.io/hashicorp/google":"~\u003e 5.0"}}}
2025/06/01 21:38:11 opts.go:215: Posting server call "client.refreshModuleProviders" 
2025/06/01 21:38:11 opts.go:215: Received response for callback "2"
2025/06/01 21:38:11 rpc_logger.go:53: Response to "textDocument/documentLink" (ID 2): [{"range":{"start":{"line":9,"character":9},"end":{"line":9,"character":17}},"target":"https://registry.terraform.io/providers/hashicorp/google/6.17.0/docs?utm_content=documentLink\u0026utm_medium=Code+OSS+for+Cloud+Shell\u0026utm_source=terraform-ls","tooltip":"hashicorp/google Documentation"}]
2025/06/01 21:38:11 opts.go:215: Completed 1 requests [250.588936ms elapsed]
2025/06/01 21:38:11 opts.go:215: Posting server call "client.refreshModuleCalls" 
2025/06/01 21:38:11 opts.go:215: Dequeued request batch of length 1 (qlen=0)
2025/06/01 21:38:11 rpc_logger.go:32: Incoming request for "textDocument/codeLens" (ID 3): {"textDocument":{"uri":"file:///home/cloud_user_p_4a537f6b/providers.tf"}}
2025/06/01 21:38:11 opts.go:215: Received response for callback "3"
2025/06/01 21:38:11 rpc_logger.go:53: Response to "textDocument/documentSymbol" (ID 1): [{"name":"terraform","kind":5,"range":{"start":{"line":0,"character":0},"end":{"line":7,"character":1}},"selectionRange":{"start":{"line":0,"character":0},"end":{"line":7,"character":1}},"children":[{"name":"required_providers","kind":5,"range":{"start":{"line":1,"character":2},"end":{"line":6,"character":3}},"selectionRange":{"start":{"line":1,"character":2},"end":{"line":6,"character":3}},"children":[{"name":"google","kind":23,"range":{"start":{"line":2,"character":4},"end":{"line":5,"character":5}},"selectionRange":{"start":{"line":2,"character":4},"end":{"line":5,"character":5}},"children":[{"name":"source","kind":15,"range":{"start":{"line":3,"character":6},"end":{"line":3,"character":34}},"selectionRange":{"start":{"line":3,"character":6},"end":{"line":3,"character":34}}},{"name":"version","kind":15,"range":{"start":{"line":4,"character":6},"end":{"line":4,"character":24}},"selectionRange":{"start":{"line":4,"character":6},"end":{"line":4,"character":24}}}]}]}]},{"name":"provider \"google\"","kind":5,"range":{"start":{"line":9,"character":0},"end":{"line":12,"character":1}},"selectionRange":{"start":{"line":9,"character":0},"end":{"line":12,"character":1}},"children":[{"name":"project","kind":14,"range":{"start":{"line":10,"character":2},"end":{"line":10,"character":26}},"selectionRange":{"start":{"line":10,"character":2},"end":{"line":10,"character":26}}},{"name":"region","kind":15,"range":{"start":{"line":11,"character":2},"end":{"line":11,"character":25}},"selectionRange":{"start":{"line":11,"character":2},"end":{"line":11,"character":25}}}]}]
2025/06/01 21:38:11 opts.go:215: Completed 1 requests [260.654796ms elapsed]
2025/06/01 21:38:11 opts.go:215: Posting server call "client.refreshTerraformVersion" 
2025/06/01 21:38:11 opts.go:215: Posting server notification "textDocument/publishDiagnostics" {"uri":"file:///home/cloud_user_p_4a537f6b/variables.tf","diagnostics":[]}
2025/06/01 21:38:11 opts.go:215: Posting server notification "textDocument/publishDiagnostics" {"uri":"file:///home/cloud_user_p_4a537f6b/terraform.tfvars","diagnostics":[]}
2025/06/01 21:38:11 opts.go:215: Posting server notification "textDocument/publishDiagnostics" {"uri":"file:///home/cloud_user_p_4a537f6b","diagnostics":[]}
2025/06/01 21:38:11 opts.go:215: Posting server notification "textDocument/publishDiagnostics" {"uri":"file:///home/cloud_user_p_4a537f6b/providers.tf","diagnostics":[{"range":{"start":{"line":10,"character":12},"end":{"line":10,"character":26}},"severity":1,"source":"Terraform","message":"No declaration found for \"var.project_id\""}]}
2025/06/01 21:38:11 opts.go:215: Posting server notification "textDocument/publishDiagnostics" {"uri":"file:///home/cloud_user_p_4a537f6b/main.tf","diagnostics":[]}
2025/06/01 21:38:11 opts.go:215: Posting server notification "textDocument/publishDiagnostics" {"uri":"file:///home/cloud_user_p_4a537f6b/outputs.tf","diagnostics":[]}
2025/06/01 21:38:11 opts.go:215: Received request batch of size 1 (qlen=0)
2025/06/01 21:38:11 opts.go:215: Dequeued request batch of length 1 (qlen=0)
2025/06/01 21:38:11 rpc_logger.go:32: Incoming request for "workspace/executeCommand" (ID 4): {"command":"terraform-ls.module.terraform","arguments":["uri=file:///home/cloud_user_p_4a537f6b"]}
2025/06/01 21:38:11 rpc_logger.go:53: Response to "workspace/executeCommand" (ID 4): {"v":0}
2025/06/01 21:38:11 opts.go:215: Completed 1 requests [221.51µs elapsed]
2025/06/01 21:38:11 rpc_logger.go:53: Response to "textDocument/codeLens" (ID 3): []
2025/06/01 21:38:11 opts.go:215: Completed 1 requests [23.53834ms elapsed]
2025/06/01 21:38:11 opts.go:215: Received response for callback "4"
2025/06/01 21:38:11 opts.go:215: Posting server call "workspace/semanticTokens/refresh" 
2025/06/01 21:38:11 opts.go:215: Received response for callback "5"
2025/06/01 21:38:11 opts.go:215: Received request batch of size 1 (qlen=0)
2025/06/01 21:38:11 opts.go:215: Dequeued request batch of length 1 (qlen=0)
2025/06/01 21:38:11 rpc_logger.go:32: Incoming request for "textDocument/documentSymbol" (ID 5): {"textDocument":{"uri":"file:///home/cloud_user_p_4a537f6b/providers.tf"}}
2025/06/01 21:38:11 rpc_logger.go:53: Response to "textDocument/documentSymbol" (ID 5): [{"name":"terraform","kind":5,"range":{"start":{"line":0,"character":0},"end":{"line":7,"character":1}},"selectionRange":{"start":{"line":0,"character":0},"end":{"line":7,"character":1}},"children":[{"name":"required_providers","kind":5,"range":{"start":{"line":1,"character":2},"end":{"line":6,"character":3}},"selectionRange":{"start":{"line":1,"character":2},"end":{"line":6,"character":3}},"children":[{"name":"google","kind":23,"range":{"start":{"line":2,"character":4},"end":{"line":5,"character":5}},"selectionRange":{"start":{"line":2,"character":4},"end":{"line":5,"character":5}},"children":[{"name":"source","kind":15,"range":{"start":{"line":3,"character":6},"end":{"line":3,"character":34}},"selectionRange":{"start":{"line":3,"character":6},"end":{"line":3,"character":34}}},{"name":"version","kind":15,"range":{"start":{"line":4,"character":6},"end":{"line":4,"character":24}},"selectionRange":{"start":{"line":4,"character":6},"end":{"line":4,"character":24}}}]}]}]},{"name":"provider \"google\"","kind":5,"range":{"start":{"line":9,"character":0},"end":{"line":12,"character":1}},"selectionRange":{"start":{"line":9,"character":0},"end":{"line":12,"character":1}},"children":[{"name":"project","kind":14,"range":{"start":{"line":10,"character":2},"end":{"line":10,"character":26}},"selectionRange":{"start":{"line":10,"character":2},"end":{"line":10,"character":26}}},{"name":"region","kind":15,"range":{"start":{"line":11,"character":2},"end":{"line":11,"character":25}},"selectionRange":{"start":{"line":11,"character":2},"end":{"line":11,"character":25}}}]}]
2025/06/01 21:38:11 opts.go:215: Completed 1 requests [5.54891ms elapsed]
2025/06/01 21:38:11 opts.go:215: Received request batch of size 1 (qlen=0)
2025/06/01 21:38:11 opts.go:215: Dequeued request batch of length 1 (qlen=0)
2025/06/01 21:38:11 rpc_logger.go:32: Incoming request for "textDocument/semanticTokens/full" (ID 6): {"textDocument":{"uri":"file:///home/cloud_user_p_4a537f6b/providers.tf"}}
2025/06/01 21:38:11 rpc_logger.go:53: Response to "textDocument/semanticTokens/full" (ID 6): {"data":[0,0,9,10,8192,1,2,18,10,10240,1,4,6,9,10240,1,6,6,15,0,0,10,18,13,0,1,6,7,15,0,0,10,8,13,0,5,0,8,10,512,0,9,8,11,642,1,2,7,9,512,1,2,6,9,512,0,10,13,13,0]}
2025/06/01 21:38:11 opts.go:215: Completed 1 requests [8.99825ms elapsed]
2025/06/01 21:38:22 opts.go:215: Received request batch of size 1 (qlen=0)
2025/06/01 21:38:22 opts.go:215: Dequeued request batch of length 1 (qlen=0)
2025/06/01 21:38:22 rpc_logger.go:32: Incoming request for "textDocument/documentLink" (ID 7): {"textDocument":{"uri":"file:///home/cloud_user_p_4a537f6b/providers.tf"}}
2025/06/01 21:38:22 rpc_logger.go:53: Response to "textDocument/documentLink" (ID 7): [{"range":{"start":{"line":9,"character":9},"end":{"line":9,"character":17}},"target":"https://registry.terraform.io/providers/hashicorp/google/6.17.0/docs?utm_content=documentLink\u0026utm_medium=Code+OSS+for+Cloud+Shell\u0026utm_source=terraform-ls","tooltip":"hashicorp/google Documentation"}]
2025/06/01 21:38:22 opts.go:215: Completed 1 requests [10.10763ms elapsed]
2025/06/01 21:38:22 opts.go:215: Received request batch of size 1 (qlen=0)
2025/06/01 21:38:22 opts.go:215: Dequeued request batch of length 1 (qlen=0)
2025/06/01 21:38:22 rpc_logger.go:32: Incoming request for "textDocument/semanticTokens/full" (ID 8): {"textDocument":{"uri":"file:///home/cloud_user_p_4a537f6b/providers.tf"}}
2025/06/01 21:38:22 opts.go:215: Received request batch of size 1 (qlen=0)
2025/06/01 21:38:22 opts.go:215: Dequeued request batch of length 1 (qlen=0)
2025/06/01 21:38:22 rpc_logger.go:32: Incoming request for "textDocument/documentSymbol" (ID 9): {"textDocument":{"uri":"file:///home/cloud_user_p_4a537f6b/providers.tf"}}
2025/06/01 21:38:22 rpc_logger.go:53: Response to "textDocument/semanticTokens/full" (ID 8): {"data":[0,0,9,10,8192,1,2,18,10,10240,1,4,6,9,10240,1,6,6,15,0,0,10,18,13,0,1,6,7,15,0,0,10,8,13,0,5,0,8,10,512,0,9,8,11,642,1,2,7,9,512,1,2,6,9,512,0,10,13,13,0]}
2025/06/01 21:38:22 opts.go:215: Completed 1 requests [9.42361ms elapsed]
2025/06/01 21:38:22 rpc_logger.go:53: Response to "textDocument/documentSymbol" (ID 9): [{"name":"terraform","kind":5,"range":{"start":{"line":0,"character":0},"end":{"line":7,"character":1}},"selectionRange":{"start":{"line":0,"character":0},"end":{"line":7,"character":1}},"children":[{"name":"required_providers","kind":5,"range":{"start":{"line":1,"character":2},"end":{"line":6,"character":3}},"selectionRange":{"start":{"line":1,"character":2},"end":{"line":6,"character":3}},"children":[{"name":"google","kind":23,"range":{"start":{"line":2,"character":4},"end":{"line":5,"character":5}},"selectionRange":{"start":{"line":2,"character":4},"end":{"line":5,"character":5}},"children":[{"name":"source","kind":15,"range":{"start":{"line":3,"character":6},"end":{"line":3,"character":34}},"selectionRange":{"start":{"line":3,"character":6},"end":{"line":3,"character":34}}},{"name":"version","kind":15,"range":{"start":{"line":4,"character":6},"end":{"line":4,"character":24}},"selectionRange":{"start":{"line":4,"character":6},"end":{"line":4,"character":24}}}]}]}]},{"name":"provider \"google\"","kind":5,"range":{"start":{"line":9,"character":0},"end":{"line":12,"character":1}},"selectionRange":{"start":{"line":9,"character":0},"end":{"line":12,"character":1}},"children":[{"name":"project","kind":14,"range":{"start":{"line":10,"character":2},"end":{"line":10,"character":26}},"selectionRange":{"start":{"line":10,"character":2},"end":{"line":10,"character":26}}},{"name":"region","kind":15,"range":{"start":{"line":11,"character":2},"end":{"line":11,"character":25}},"selectionRange":{"start":{"line":11,"character":2},"end":{"line":11,"character":25}}}]}]
2025/06/01 21:38:22 opts.go:215: Completed 1 requests [8.05282ms elapsed]
2025/06/01 21:38:22 opts.go:215: Received request batch of size 1 (qlen=0)
2025/06/01 21:38:22 opts.go:215: Dequeued request batch of length 1 (qlen=0)
2025/06/01 21:38:22 rpc_logger.go:32: Incoming request for "textDocument/codeLens" (ID 10): {"textDocument":{"uri":"file:///home/cloud_user_p_4a537f6b/providers.tf"}}
2025/06/01 21:38:22 rpc_logger.go:53: Response to "textDocument/codeLens" (ID 10): []
2025/06/01 21:38:22 opts.go:215: Completed 1 requests [10.447249ms elapsed]
2025/06/01 21:38:50 opts.go:215: Received request batch of size 1 (qlen=0)
2025/06/01 21:38:50 opts.go:215: Received request batch of size 1 (qlen=1)
2025/06/01 21:38:50 opts.go:215: Received request batch of size 1 (qlen=2)
2025/06/01 21:38:50 opts.go:215: Received request batch of size 1 (qlen=3)
2025/06/01 21:38:50 opts.go:215: Received request batch of size 1 (qlen=4)
2025/06/01 21:38:50 opts.go:215: Dequeued request batch of length 1 (qlen=4)
2025/06/01 21:38:50 opts.go:215: Dequeued request batch of length 1 (qlen=3)
2025/06/01 21:38:50 opts.go:215: Dequeued request batch of length 1 (qlen=2)
2025/06/01 21:38:50 opts.go:215: Dequeued request batch of length 1 (qlen=1)
2025/06/01 21:38:50 opts.go:215: Dequeued request batch of length 1 (qlen=0)
2025/06/01 21:38:50 rpc_logger.go:32: Incoming notification for "textDocument/didClose": {"textDocument":{"uri":"file:///home/cloud_user_p_4a537f6b/providers.tf"}}
2025/06/01 21:38:50 rpc_logger.go:32: Incoming request for "textDocument/documentLink" (ID 11): {"textDocument":{"uri":"file:///home/cloud_user_p_4a537f6b/providers.tf"}}
2025/06/01 21:38:50 rpc_logger.go:48: Error for "textDocument/documentLink" (ID 11): [-32098] file:///home/cloud_user_p_4a537f6b/providers.tf: document not found
2025/06/01 21:38:50 opts.go:215: Completed 1 requests [642.369µs elapsed]
2025/06/01 21:38:50 rpc_logger.go:32: Incoming request for "textDocument/codeLens" (ID 12): {"textDocument":{"uri":"file:///home/cloud_user_p_4a537f6b/providers.tf"}}
2025/06/01 21:38:50 rpc_logger.go:48: Error for "textDocument/codeLens" (ID 12): [-32098] file:///home/cloud_user_p_4a537f6b/providers.tf: document not found
2025/06/01 21:38:50 opts.go:215: Completed 1 requests [711.56µs elapsed]
2025/06/01 21:38:50 rpc_logger.go:32: Incoming request for "textDocument/semanticTokens/full" (ID 13): {"textDocument":{"uri":"file:///home/cloud_user_p_4a537f6b/providers.tf"}}
2025/06/01 21:38:50 rpc_logger.go:48: Error for "textDocument/semanticTokens/full" (ID 13): [-32098] file:///home/cloud_user_p_4a537f6b/providers.tf: document not found
2025/06/01 21:38:50 opts.go:215: Completed 1 requests [769.051µs elapsed]
2025/06/01 21:38:50 rpc_logger.go:32: Incoming request for "textDocument/documentSymbol" (ID 14): {"textDocument":{"uri":"file:///home/cloud_user_p_4a537f6b/providers.tf"}}
2025/06/01 21:38:50 rpc_logger.go:48: Error for "textDocument/documentSymbol" (ID 14): [-32098] file:///home/cloud_user_p_4a537f6b/providers.tf: document not found
2025/06/01 21:38:50 opts.go:215: Completed 1 requests [585.74µs elapsed]
2025/06/01 21:38:50 opts.go:215: Received request batch of size 1 (qlen=0)
2025/06/01 21:38:50 opts.go:215: Received request batch of size 1 (qlen=1)
2025/06/01 21:38:50 opts.go:215: Received request batch of size 1 (qlen=2)
2025/06/01 21:38:50 opts.go:215: Received request batch of size 1 (qlen=3)
2025/06/01 21:38:50 opts.go:215: Dequeued request batch of length 1 (qlen=3)
2025/06/01 21:38:50 opts.go:215: Dequeued request batch of length 1 (qlen=2)
2025/06/01 21:38:50 rpc_logger.go:32: Incoming notification for "$/cancelRequest": {"id":11}
2025/06/01 21:38:50 opts.go:215: Dequeued request batch of length 1 (qlen=1)
2025/06/01 21:38:50 rpc_logger.go:32: Incoming notification for "$/cancelRequest": {"id":12}
2025/06/01 21:38:50 opts.go:215: Dequeued request batch of length 1 (qlen=0)
2025/06/01 21:38:50 rpc_logger.go:32: Incoming notification for "$/cancelRequest": {"id":13}
2025/06/01 21:38:50 rpc_logger.go:32: Incoming notification for "$/cancelRequest": {"id":14}
[Error - 9:38:50 PM] Request textDocument/documentLink failed.
  Message: file:///home/cloud_user_p_4a537f6b/providers.tf: document not found
  Code: -32098 
[Error - 9:38:50 PM] Request textDocument/codeLens failed.
  Message: file:///home/cloud_user_p_4a537f6b/providers.tf: document not found
  Code: -32098 
[Error - 9:38:50 PM] Request textDocument/semanticTokens/full failed.
  Message: file:///home/cloud_user_p_4a537f6b/providers.tf: document not found
  Code: -32098 
[Error - 9:38:50 PM] Request textDocument/documentSymbol failed.
  Message: file:///home/cloud_user_p_4a537f6b/providers.tf: document not found
  Code: -32098 
2025/06/01 21:38:53 opts.go:215: Received request batch of size 1 (qlen=0)
2025/06/01 21:38:53 opts.go:215: Received request batch of size 1 (qlen=1)
2025/06/01 21:38:53 opts.go:215: Dequeued request batch of length 1 (qlen=1)
2025/06/01 21:38:53 opts.go:215: Dequeued request batch of length 1 (qlen=0)
2025/06/01 21:38:53 rpc_logger.go:32: Incoming notification for "textDocument/didOpen": {"textDocument":{"uri":"file:///home/cloud_user_p_4a537f6b/providers.tf","languageId":"terraform","version":2,"text":"terraform {\n  required_providers {\n    google = {\n      source  = \"hashicorp/google\"\n      version = \"~> 5.0\"\n    }\n  }\n}\n\nprovider \"google\" {\n  project = var.project_id\n  region  = \"us-central1\"\n}"}}
2025/06/01 21:38:53 did_open.go:33: bus: -> DidOpen {file:///home/cloud_user_p_4a537f6b}
2025/06/01 21:38:53 events.go:47: did open "/home/cloud_user_p_4a537f6b" "terraform"
2025/06/01 21:38:53 jobs.go:140: JOBS: Enqueueing new job "13": "OpTypeParseModuleConfiguration" for {"file:///home/cloud_user_p_4a537f6b"} (IsDirOpen: true, IgnoreState: false)
2025/06/01 21:38:53 jobs.go:140: JOBS: Enqueueing new job "14": "OpTypeLoadModuleMetadata" for {"file:///home/cloud_user_p_4a537f6b"} (IsDirOpen: true, IgnoreState: false)
2025/06/01 21:38:53 jobs.go:140: JOBS: Enqueueing new job "15": "OpTypeGetModuleDataFromRegistry" for {"file:///home/cloud_user_p_4a537f6b"} (IsDirOpen: true, IgnoreState: false)
2025/06/01 21:38:53 jobs.go:140: JOBS: Enqueueing new job "16": "OpTypeParseVariables" for {"file:///home/cloud_user_p_4a537f6b"} (IsDirOpen: true, IgnoreState: false)
2025/06/01 21:38:53 jobs.go:140: JOBS: Enqueueing new job "17": "OpTypeDecodeVarsReferences" for {"file:///home/cloud_user_p_4a537f6b"} (IsDirOpen: true, IgnoreState: false)
2025/06/01 21:38:53 jobs.go:140: JOBS: Enqueueing new job "18": "OpTypeSchemaVarsValidation" for {"file:///home/cloud_user_p_4a537f6b"} (IsDirOpen: true, IgnoreState: false)
2025/06/01 21:38:53 events.go:51: did open "/home/cloud_user_p_4a537f6b" "terraform"
2025/06/01 21:38:53 events.go:48: did open "/home/cloud_user_p_4a537f6b" "terraform"
2025/06/01 21:38:53 rpc_logger.go:32: Incoming request for "textDocument/documentSymbol" (ID 15): {"textDocument":{"uri":"file:///home/cloud_user_p_4a537f6b/providers.tf"}}
2025/06/01 21:38:53 jobs.go:345: JOBS: Dispatching next job "13" (scheduler prio: 1, job prio: 0, isDirOpen: true): "OpTypeParseModuleConfiguration" for {"file:///home/cloud_user_p_4a537f6b"}
2025/06/01 21:38:53 jobs.go:487: JOBS: Finishing job "13": "OpTypeParseModuleConfiguration" for {"file:///home/cloud_user_p_4a537f6b"} (err = file:///home/cloud_user_p_4a537f6b: state not changed, deferredJobs: [])
2025/06/01 21:38:53 jobs.go:345: JOBS: Dispatching next job "14" (scheduler prio: 1, job prio: 0, isDirOpen: true): "OpTypeLoadModuleMetadata" for {"file:///home/cloud_user_p_4a537f6b"}
2025/06/01 21:38:53 events.go:276: loading module metadata returned error: file:///home/cloud_user_p_4a537f6b: state not changed
2025/06/01 21:38:53 jobs.go:140: JOBS: Enqueueing new job "19": "OpTypePreloadEmbeddedSchema" for {"file:///home/cloud_user_p_4a537f6b"} (IsDirOpen: true, IgnoreState: false)
2025/06/01 21:38:53 jobs.go:140: JOBS: Enqueueing new job "20": "OpTypeDecodeReferenceTargets" for {"file:///home/cloud_user_p_4a537f6b"} (IsDirOpen: true, IgnoreState: false)
2025/06/01 21:38:53 jobs.go:140: JOBS: Enqueueing new job "21": "OpTypeDecodeReferenceOrigins" for {"file:///home/cloud_user_p_4a537f6b"} (IsDirOpen: true, IgnoreState: false)
2025/06/01 21:38:53 jobs.go:140: JOBS: Enqueueing new job "22": "OpTypeSchemaModuleValidation" for {"file:///home/cloud_user_p_4a537f6b"} (IsDirOpen: true, IgnoreState: false)
2025/06/01 21:38:53 jobs.go:140: JOBS: Enqueueing new job "23": "OpTypeReferenceValidation" for {"file:///home/cloud_user_p_4a537f6b"} (IsDirOpen: true, IgnoreState: false)
2025/06/01 21:38:53 jobs.go:140: JOBS: Enqueueing new job "24": "OpTypeDecodeWriteOnlyAttributes" for {"file:///home/cloud_user_p_4a537f6b"} (IsDirOpen: true, IgnoreState: false)
2025/06/01 21:38:53 jobs.go:487: JOBS: Finishing job "14": "OpTypeLoadModuleMetadata" for {"file:///home/cloud_user_p_4a537f6b"} (err = file:///home/cloud_user_p_4a537f6b: state not changed, deferredJobs: ["19" "20" "21" "24"])
2025/06/01 21:38:53 jobs.go:345: JOBS: Dispatching next job "15" (scheduler prio: -1, job prio: -1, isDirOpen: true): "OpTypeGetModuleDataFromRegistry" for {"file:///home/cloud_user_p_4a537f6b"}
2025/06/01 21:38:53 jobs.go:487: JOBS: Finishing job "15": "OpTypeGetModuleDataFromRegistry" for {"file:///home/cloud_user_p_4a537f6b"} (err = %!s(<nil>), deferredJobs: [])
2025/06/01 21:38:53 jobs.go:345: JOBS: Dispatching next job "16" (scheduler prio: 1, job prio: 0, isDirOpen: true): "OpTypeParseVariables" for {"file:///home/cloud_user_p_4a537f6b"}
2025/06/01 21:38:53 jobs.go:487: JOBS: Finishing job "16": "OpTypeParseVariables" for {"file:///home/cloud_user_p_4a537f6b"} (err = file:///home/cloud_user_p_4a537f6b: state not changed, deferredJobs: [])
2025/06/01 21:38:53 jobs.go:345: JOBS: Dispatching next job "17" (scheduler prio: 1, job prio: 0, isDirOpen: true): "OpTypeDecodeVarsReferences" for {"file:///home/cloud_user_p_4a537f6b"}
2025/06/01 21:38:53 jobs.go:487: JOBS: Finishing job "17": "OpTypeDecodeVarsReferences" for {"file:///home/cloud_user_p_4a537f6b"} (err = file:///home/cloud_user_p_4a537f6b: state not changed, deferredJobs: [])
2025/06/01 21:38:53 jobs.go:345: JOBS: Dispatching next job "18" (scheduler prio: 1, job prio: 0, isDirOpen: true): "OpTypeSchemaVarsValidation" for {"file:///home/cloud_user_p_4a537f6b"}
2025/06/01 21:38:53 jobs.go:487: JOBS: Finishing job "18": "OpTypeSchemaVarsValidation" for {"file:///home/cloud_user_p_4a537f6b"} (err = file:///home/cloud_user_p_4a537f6b: state not changed, deferredJobs: [])
2025/06/01 21:38:53 jobs.go:345: JOBS: Dispatching next job "19" (scheduler prio: 1, job prio: 0, isDirOpen: true): "OpTypePreloadEmbeddedSchema" for {"file:///home/cloud_user_p_4a537f6b"}
2025/06/01 21:38:53 jobs.go:487: JOBS: Finishing job "19": "OpTypePreloadEmbeddedSchema" for {"file:///home/cloud_user_p_4a537f6b"} (err = file:///home/cloud_user_p_4a537f6b: state not changed, deferredJobs: [])
2025/06/01 21:38:53 jobs.go:345: JOBS: Dispatching next job "20" (scheduler prio: 1, job prio: 0, isDirOpen: true): "OpTypeDecodeReferenceTargets" for {"file:///home/cloud_user_p_4a537f6b"}
2025/06/01 21:38:53 jobs.go:487: JOBS: Finishing job "20": "OpTypeDecodeReferenceTargets" for {"file:///home/cloud_user_p_4a537f6b"} (err = file:///home/cloud_user_p_4a537f6b: state not changed, deferredJobs: [])
2025/06/01 21:38:53 jobs.go:345: JOBS: Dispatching next job "21" (scheduler prio: 1, job prio: 0, isDirOpen: true): "OpTypeDecodeReferenceOrigins" for {"file:///home/cloud_user_p_4a537f6b"}
2025/06/01 21:38:53 jobs.go:487: JOBS: Finishing job "21": "OpTypeDecodeReferenceOrigins" for {"file:///home/cloud_user_p_4a537f6b"} (err = file:///home/cloud_user_p_4a537f6b: state not changed, deferredJobs: [])
2025/06/01 21:38:53 jobs.go:345: JOBS: Dispatching next job "22" (scheduler prio: 1, job prio: 0, isDirOpen: true): "OpTypeSchemaModuleValidation" for {"file:///home/cloud_user_p_4a537f6b"}
2025/06/01 21:38:53 jobs.go:487: JOBS: Finishing job "22": "OpTypeSchemaModuleValidation" for {"file:///home/cloud_user_p_4a537f6b"} (err = file:///home/cloud_user_p_4a537f6b: state not changed, deferredJobs: [])
2025/06/01 21:38:53 jobs.go:345: JOBS: Dispatching next job "23" (scheduler prio: 1, job prio: 0, isDirOpen: true): "OpTypeReferenceValidation" for {"file:///home/cloud_user_p_4a537f6b"}
2025/06/01 21:38:53 jobs.go:487: JOBS: Finishing job "23": "OpTypeReferenceValidation" for {"file:///home/cloud_user_p_4a537f6b"} (err = file:///home/cloud_user_p_4a537f6b: state not changed, deferredJobs: [])
2025/06/01 21:38:53 jobs.go:345: JOBS: Dispatching next job "24" (scheduler prio: 1, job prio: 0, isDirOpen: true): "OpTypeDecodeWriteOnlyAttributes" for {"file:///home/cloud_user_p_4a537f6b"}
2025/06/01 21:38:53 jobs.go:487: JOBS: Finishing job "24": "OpTypeDecodeWriteOnlyAttributes" for {"file:///home/cloud_user_p_4a537f6b"} (err = file:///home/cloud_user_p_4a537f6b: state not changed, deferredJobs: [])
2025/06/01 21:38:53 opts.go:215: Received request batch of size 1 (qlen=0)
2025/06/01 21:38:53 opts.go:215: Received request batch of size 1 (qlen=1)
2025/06/01 21:38:53 rpc_logger.go:53: Response to "textDocument/documentSymbol" (ID 15): [{"name":"terraform","kind":5,"range":{"start":{"line":0,"character":0},"end":{"line":7,"character":1}},"selectionRange":{"start":{"line":0,"character":0},"end":{"line":7,"character":1}},"children":[{"name":"required_providers","kind":5,"range":{"start":{"line":1,"character":2},"end":{"line":6,"character":3}},"selectionRange":{"start":{"line":1,"character":2},"end":{"line":6,"character":3}},"children":[{"name":"google","kind":23,"range":{"start":{"line":2,"character":4},"end":{"line":5,"character":5}},"selectionRange":{"start":{"line":2,"character":4},"end":{"line":5,"character":5}},"children":[{"name":"source","kind":15,"range":{"start":{"line":3,"character":6},"end":{"line":3,"character":34}},"selectionRange":{"start":{"line":3,"character":6},"end":{"line":3,"character":34}}},{"name":"version","kind":15,"range":{"start":{"line":4,"character":6},"end":{"line":4,"character":24}},"selectionRange":{"start":{"line":4,"character":6},"end":{"line":4,"character":24}}}]}]}]},{"name":"provider \"google\"","kind":5,"range":{"start":{"line":9,"character":0},"end":{"line":12,"character":1}},"selectionRange":{"start":{"line":9,"character":0},"end":{"line":12,"character":1}},"children":[{"name":"project","kind":14,"range":{"start":{"line":10,"character":2},"end":{"line":10,"character":26}},"selectionRange":{"start":{"line":10,"character":2},"end":{"line":10,"character":26}}},{"name":"region","kind":15,"range":{"start":{"line":11,"character":2},"end":{"line":11,"character":25}},"selectionRange":{"start":{"line":11,"character":2},"end":{"line":11,"character":25}}}]}]
2025/06/01 21:38:53 opts.go:215: Completed 1 requests [17.85497ms elapsed]
2025/06/01 21:38:53 opts.go:215: Dequeued request batch of length 1 (qlen=1)
2025/06/01 21:38:53 opts.go:215: Dequeued request batch of length 1 (qlen=0)
2025/06/01 21:38:53 rpc_logger.go:32: Incoming request for "textDocument/documentLink" (ID 17): {"textDocument":{"uri":"file:///home/cloud_user_p_4a537f6b/providers.tf"}}
2025/06/01 21:38:53 rpc_logger.go:53: Response to "textDocument/documentLink" (ID 17): [{"range":{"start":{"line":9,"character":9},"end":{"line":9,"character":17}},"target":"https://registry.terraform.io/providers/hashicorp/google/6.17.0/docs?utm_content=documentLink\u0026utm_medium=Code+OSS+for+Cloud+Shell\u0026utm_source=terraform-ls","tooltip":"hashicorp/google Documentation"}]
2025/06/01 21:38:53 opts.go:215: Completed 1 requests [6.187829ms elapsed]
2025/06/01 21:38:53 rpc_logger.go:32: Incoming request for "textDocument/semanticTokens/full" (ID 16): {"textDocument":{"uri":"file:///home/cloud_user_p_4a537f6b/providers.tf"}}
2025/06/01 21:38:53 rpc_logger.go:53: Response to "textDocument/semanticTokens/full" (ID 16): {"data":[0,0,9,10,8192,1,2,18,10,10240,1,4,6,9,10240,1,6,6,15,0,0,10,18,13,0,1,6,7,15,0,0,10,8,13,0,5,0,8,10,512,0,9,8,11,642,1,2,7,9,512,1,2,6,9,512,0,10,13,13,0]}
2025/06/01 21:38:53 opts.go:215: Completed 1 requests [14.31444ms elapsed]
2025/06/01 21:38:53 opts.go:215: Received request batch of size 1 (qlen=0)
2025/06/01 21:38:53 opts.go:215: Dequeued request batch of length 1 (qlen=0)
2025/06/01 21:38:53 rpc_logger.go:32: Incoming request for "textDocument/codeLens" (ID 18): {"textDocument":{"uri":"file:///home/cloud_user_p_4a537f6b/providers.tf"}}
2025/06/01 21:38:53 rpc_logger.go:53: Response to "textDocument/codeLens" (ID 18): []
2025/06/01 21:38:53 opts.go:215: Completed 1 requests [7.832049ms elapsed]
2025/06/01 21:38:53 opts.go:215: Received request batch of size 1 (qlen=0)
2025/06/01 21:38:53 opts.go:215: Dequeued request batch of length 1 (qlen=0)
2025/06/01 21:38:53 rpc_logger.go:32: Incoming request for "textDocument/documentSymbol" (ID 19): {"textDocument":{"uri":"file:///home/cloud_user_p_4a537f6b/providers.tf"}}
2025/06/01 21:38:53 rpc_logger.go:53: Response to "textDocument/documentSymbol" (ID 19): [{"name":"terraform","kind":5,"range":{"start":{"line":0,"character":0},"end":{"line":7,"character":1}},"selectionRange":{"start":{"line":0,"character":0},"end":{"line":7,"character":1}},"children":[{"name":"required_providers","kind":5,"range":{"start":{"line":1,"character":2},"end":{"line":6,"character":3}},"selectionRange":{"start":{"line":1,"character":2},"end":{"line":6,"character":3}},"children":[{"name":"google","kind":23,"range":{"start":{"line":2,"character":4},"end":{"line":5,"character":5}},"selectionRange":{"start":{"line":2,"character":4},"end":{"line":5,"character":5}},"children":[{"name":"source","kind":15,"range":{"start":{"line":3,"character":6},"end":{"line":3,"character":34}},"selectionRange":{"start":{"line":3,"character":6},"end":{"line":3,"character":34}}},{"name":"version","kind":15,"range":{"start":{"line":4,"character":6},"end":{"line":4,"character":24}},"selectionRange":{"start":{"line":4,"character":6},"end":{"line":4,"character":24}}}]}]}]},{"name":"provider \"google\"","kind":5,"range":{"start":{"line":9,"character":0},"end":{"line":12,"character":1}},"selectionRange":{"start":{"line":9,"character":0},"end":{"line":12,"character":1}},"children":[{"name":"project","kind":14,"range":{"start":{"line":10,"character":2},"end":{"line":10,"character":26}},"selectionRange":{"start":{"line":10,"character":2},"end":{"line":10,"character":26}}},{"name":"region","kind":15,"range":{"start":{"line":11,"character":2},"end":{"line":11,"character":25}},"selectionRange":{"start":{"line":11,"character":2},"end":{"line":11,"character":25}}}]}]
2025/06/01 21:38:53 opts.go:215: Completed 1 requests [8.74687ms elapsed]
Client: Running --> Stopped
2025/06/01 21:44:04 opts.go:215: Received request batch of size 1 (qlen=0)
2025/06/01 21:44:04 opts.go:215: Dequeued request batch of length 1 (qlen=0)
2025/06/01 21:44:04 rpc_logger.go:32: Incoming request for "shutdown" (ID 20): 
2025/06/01 21:44:04 service.go:634: stopping closedDirWalker for session ...
2025/06/01 21:44:04 service.go:636: closedDirWalker stopped
2025/06/01 21:44:04 service.go:639: stopping openDirWalker for session ...
2025/06/01 21:44:04 service.go:641: openDirWalker stopped
2025/06/01 21:44:04 scheduler.go:63: stopped scheduler
2025/06/01 21:44:04 scheduler.go:63: stopped scheduler
2025/06/01 21:44:04 modules_feature.go:117: stopped modules feature
2025/06/01 21:44:04 root_modules_feature.go:113: stopped root modules feature
2025/06/01 21:44:04 variables_feature.go:103: stopped variables feature
2025/06/01 21:44:04 stacks_feature.go:103: stopped stacks feature
2025/06/01 21:44:04 tests_feature.go:102: stopped tests feature
2025/06/01 21:44:04 rpc_logger.go:53: Response to "shutdown" (ID 20): null
2025/06/01 21:44:04 opts.go:215: Completed 1 requests [1.407931ms elapsed]
